{"/Users/danielbushman/Quickbase-MCP-connector/src/mcp-stdio-server.ts": {"path":"/Users/danielbushman/Quickbase-MCP-connector/src/mcp-stdio-server.ts","statementMap":{"0":{"start":{"line":6,"column":0},"end":{"line":6,"column":68}},"1":{"start":{"line":7,"column":0},"end":{"line":7,"column":81}},"2":{"start":{"line":8,"column":0},"end":{"line":8,"column":28}},"3":{"start":{"line":9,"column":0},"end":{"line":9,"column":46}},"4":{"start":{"line":10,"column":0},"end":{"line":10,"column":53}},"5":{"start":{"line":12,"column":0},"end":{"line":12,"column":45}},"6":{"start":{"line":13,"column":0},"end":{"line":13,"column":56}},"7":{"start":{"line":14,"column":0},"end":{"line":14,"column":56}},"8":{"start":{"line":17,"column":0},"end":{"line":17,"column":16}},"9":{"start":{"line":19,"column":15},"end":{"line":19,"column":47}},"10":{"start":{"line":26,"column":2},"end":{"line":116,"column":3}},"11":{"start":{"line":28,"column":19},"end":{"line":31,"column":6}},"12":{"start":{"line":33,"column":4},"end":{"line":33,"column":38}},"13":{"start":{"line":36,"column":36},"end":{"line":43,"column":6}},"14":{"start":{"line":46,"column":4},"end":{"line":48,"column":5}},"15":{"start":{"line":47,"column":6},"end":{"line":47,"column":84}},"16":{"start":{"line":51,"column":4},"end":{"line":53,"column":5}},"17":{"start":{"line":52,"column":6},"end":{"line":52,"column":91}},"18":{"start":{"line":56,"column":4},"end":{"line":58,"column":5}},"19":{"start":{"line":57,"column":6},"end":{"line":57,"column":71}},"20":{"start":{"line":60,"column":28},"end":{"line":60,"column":55}},"21":{"start":{"line":61,"column":25},"end":{"line":61,"column":80}},"22":{"start":{"line":64,"column":4},"end":{"line":64,"column":51}},"23":{"start":{"line":67,"column":18},"end":{"line":67,"column":44}},"24":{"start":{"line":68,"column":4},"end":{"line":101,"column":7}},"25":{"start":{"line":69,"column":21},"end":{"line":69,"column":57}},"26":{"start":{"line":71,"column":6},"end":{"line":98,"column":8}},"27":{"start":{"line":76,"column":10},"end":{"line":96,"column":11}},"28":{"start":{"line":77,"column":12},"end":{"line":77,"column":60}},"29":{"start":{"line":78,"column":32},"end":{"line":78,"column":58}},"30":{"start":{"line":81,"column":12},"end":{"line":85,"column":13}},"31":{"start":{"line":82,"column":35},"end":{"line":82,"column":88}},"32":{"start":{"line":83,"column":14},"end":{"line":83,"column":85}},"33":{"start":{"line":84,"column":14},"end":{"line":84,"column":44}},"34":{"start":{"line":87,"column":12},"end":{"line":92,"column":14}},"35":{"start":{"line":94,"column":12},"end":{"line":94,"column":77}},"36":{"start":{"line":95,"column":12},"end":{"line":95,"column":24}},"37":{"start":{"line":100,"column":6},"end":{"line":100,"column":55}},"38":{"start":{"line":103,"column":4},"end":{"line":103,"column":68}},"39":{"start":{"line":106,"column":22},"end":{"line":106,"column":48}},"40":{"start":{"line":109,"column":4},"end":{"line":109,"column":36}},"41":{"start":{"line":110,"column":4},"end":{"line":110,"column":73}},"42":{"start":{"line":113,"column":4},"end":{"line":113,"column":58}},"43":{"start":{"line":114,"column":4},"end":{"line":114,"column":29}},"44":{"start":{"line":115,"column":4},"end":{"line":115,"column":20}},"45":{"start":{"line":123,"column":2},"end":{"line":139,"column":3}},"46":{"start":{"line":124,"column":4},"end":{"line":124,"column":51}},"47":{"start":{"line":127,"column":4},"end":{"line":127,"column":60}},"48":{"start":{"line":127,"column":33},"end":{"line":127,"column":58}},"49":{"start":{"line":130,"column":29},"end":{"line":130,"column":61}},"50":{"start":{"line":131,"column":18},"end":{"line":131,"column":41}},"51":{"start":{"line":132,"column":4},"end":{"line":134,"column":5}},"52":{"start":{"line":133,"column":6},"end":{"line":133,"column":68}},"53":{"start":{"line":136,"column":4},"end":{"line":136,"column":47}},"54":{"start":{"line":138,"column":4},"end":{"line":138,"column":62}},"55":{"start":{"line":143,"column":0},"end":{"line":147,"column":3}},"56":{"start":{"line":144,"column":2},"end":{"line":144,"column":34}},"57":{"start":{"line":145,"column":2},"end":{"line":145,"column":27}},"58":{"start":{"line":146,"column":2},"end":{"line":146,"column":18}},"59":{"start":{"line":149,"column":0},"end":{"line":153,"column":3}},"60":{"start":{"line":150,"column":2},"end":{"line":150,"column":33}},"61":{"start":{"line":151,"column":2},"end":{"line":151,"column":27}},"62":{"start":{"line":152,"column":2},"end":{"line":152,"column":18}},"63":{"start":{"line":156,"column":0},"end":{"line":160,"column":3}},"64":{"start":{"line":157,"column":2},"end":{"line":157,"column":53}},"65":{"start":{"line":158,"column":2},"end":{"line":158,"column":27}},"66":{"start":{"line":159,"column":2},"end":{"line":159,"column":18}}},"fnMap":{"0":{"name":"main","decl":{"start":{"line":25,"column":15},"end":{"line":25,"column":19}},"loc":{"start":{"line":25,"column":19},"end":{"line":117,"column":1}}},"1":{"name":"(anonymous_11)","decl":{"start":{"line":68,"column":18},"end":{"line":68,"column":22}},"loc":{"start":{"line":68,"column":25},"end":{"line":101,"column":5}}},"2":{"name":"(anonymous_12)","decl":{"start":{"line":75,"column":8},"end":{"line":75,"column":13}},"loc":{"start":{"line":75,"column":50},"end":{"line":97,"column":9}}},"3":{"name":"gracefulShutdown","decl":{"start":{"line":122,"column":15},"end":{"line":122,"column":31}},"loc":{"start":{"line":122,"column":31},"end":{"line":140,"column":1}}},"4":{"name":"(anonymous_14)","decl":{"start":{"line":127,"column":22},"end":{"line":127,"column":29}},"loc":{"start":{"line":127,"column":33},"end":{"line":127,"column":58}}},"5":{"name":"(anonymous_15)","decl":{"start":{"line":130,"column":29},"end":{"line":130,"column":42}},"loc":{"start":{"line":130,"column":29},"end":{"line":130,"column":61}}},"6":{"name":"(anonymous_16)","decl":{"start":{"line":143,"column":22},"end":{"line":143,"column":27}},"loc":{"start":{"line":143,"column":33},"end":{"line":147,"column":1}}},"7":{"name":"(anonymous_17)","decl":{"start":{"line":149,"column":21},"end":{"line":149,"column":26}},"loc":{"start":{"line":149,"column":32},"end":{"line":153,"column":1}}},"8":{"name":"(anonymous_18)","decl":{"start":{"line":156,"column":13},"end":{"line":156,"column":18}},"loc":{"start":{"line":156,"column":29},"end":{"line":160,"column":1}}}},"branchMap":{"0":{"loc":{"start":{"line":37,"column":17},"end":{"line":37,"column":55}},"type":"binary-expr","locations":[{"start":{"line":37,"column":17},"end":{"line":37,"column":49}},{"start":{"line":37,"column":53},"end":{"line":37,"column":55}}]},"1":{"loc":{"start":{"line":38,"column":17},"end":{"line":38,"column":55}},"type":"binary-expr","locations":[{"start":{"line":38,"column":17},"end":{"line":38,"column":49}},{"start":{"line":38,"column":53},"end":{"line":38,"column":55}}]},"2":{"loc":{"start":{"line":41,"column":25},"end":{"line":41,"column":66}},"type":"binary-expr","locations":[{"start":{"line":41,"column":25},"end":{"line":41,"column":56}},{"start":{"line":41,"column":60},"end":{"line":41,"column":66}}]},"3":{"loc":{"start":{"line":46,"column":4},"end":{"line":48,"column":5}},"type":"if","locations":[{"start":{"line":46,"column":4},"end":{"line":48,"column":5}}]},"4":{"loc":{"start":{"line":46,"column":8},"end":{"line":46,"column":46}},"type":"binary-expr","locations":[{"start":{"line":46,"column":8},"end":{"line":46,"column":25}},{"start":{"line":46,"column":29},"end":{"line":46,"column":46}}]},"5":{"loc":{"start":{"line":51,"column":4},"end":{"line":53,"column":5}},"type":"if","locations":[{"start":{"line":51,"column":4},"end":{"line":53,"column":5}}]},"6":{"loc":{"start":{"line":56,"column":4},"end":{"line":58,"column":5}},"type":"if","locations":[{"start":{"line":56,"column":4},"end":{"line":58,"column":5}}]},"7":{"loc":{"start":{"line":56,"column":8},"end":{"line":56,"column":56}},"type":"binary-expr","locations":[{"start":{"line":56,"column":8},"end":{"line":56,"column":31}},{"start":{"line":56,"column":35},"end":{"line":56,"column":56}}]},"8":{"loc":{"start":{"line":81,"column":12},"end":{"line":85,"column":13}},"type":"if","locations":[{"start":{"line":81,"column":12},"end":{"line":85,"column":13}}]},"9":{"loc":{"start":{"line":81,"column":16},"end":{"line":81,"column":57}},"type":"binary-expr","locations":[{"start":{"line":81,"column":16},"end":{"line":81,"column":36}},{"start":{"line":81,"column":40},"end":{"line":81,"column":57}}]},"10":{"loc":{"start":{"line":82,"column":35},"end":{"line":82,"column":88}},"type":"binary-expr","locations":[{"start":{"line":82,"column":35},"end":{"line":82,"column":61}},{"start":{"line":82,"column":65},"end":{"line":82,"column":88}}]},"11":{"loc":{"start":{"line":132,"column":4},"end":{"line":134,"column":5}},"type":"if","locations":[{"start":{"line":132,"column":4},"end":{"line":134,"column":5}}]}},"s":{"0":0,"1":0,"2":0,"3":0,"4":0,"5":0,"6":0,"7":0,"8":0,"9":0,"10":0,"11":0,"12":0,"13":0,"14":0,"15":0,"16":0,"17":0,"18":0,"19":0,"20":0,"21":0,"22":0,"23":0,"24":0,"25":0,"26":0,"27":0,"28":0,"29":0,"30":0,"31":0,"32":0,"33":0,"34":0,"35":0,"36":0,"37":0,"38":0,"39":0,"40":0,"41":0,"42":0,"43":0,"44":0,"45":0,"46":0,"47":0,"48":0,"49":0,"50":0,"51":0,"52":0,"53":0,"54":0,"55":0,"56":0,"57":0,"58":0,"59":0,"60":0,"61":0,"62":0,"63":0,"64":0,"65":0,"66":0},"f":{"0":0,"1":0,"2":0,"3":0,"4":0,"5":0,"6":0,"7":0,"8":0},"b":{"0":[0,0],"1":[0,0],"2":[0,0],"3":[0],"4":[0,0],"5":[0],"6":[0],"7":[0,0],"8":[0],"9":[0,0],"10":[0,0],"11":[0]}}
,"/Users/danielbushman/Quickbase-MCP-connector/src/server.ts": {"path":"/Users/danielbushman/Quickbase-MCP-connector/src/server.ts","statementMap":{"0":{"start":{"line":1,"column":0},"end":{"line":1,"column":30}},"1":{"start":{"line":2,"column":0},"end":{"line":2,"column":28}},"2":{"start":{"line":3,"column":0},"end":{"line":3,"column":24}},"3":{"start":{"line":4,"column":0},"end":{"line":4,"column":46}},"4":{"start":{"line":5,"column":0},"end":{"line":5,"column":53}},"5":{"start":{"line":7,"column":0},"end":{"line":7,"column":45}},"6":{"start":{"line":8,"column":0},"end":{"line":8,"column":56}},"7":{"start":{"line":10,"column":0},"end":{"line":10,"column":97}},"8":{"start":{"line":13,"column":0},"end":{"line":13,"column":16}},"9":{"start":{"line":15,"column":15},"end":{"line":15,"column":37}},"10":{"start":{"line":18,"column":12},"end":{"line":18,"column":21}},"11":{"start":{"line":19,"column":0},"end":{"line":19,"column":24}},"12":{"start":{"line":20,"column":0},"end":{"line":20,"column":16}},"13":{"start":{"line":23,"column":13},"end":{"line":23,"column":37}},"14":{"start":{"line":26,"column":46},"end":{"line":26,"column":50}},"15":{"start":{"line":27,"column":40},"end":{"line":27,"column":44}},"16":{"start":{"line":30,"column":24},"end":{"line":33,"column":2}},"17":{"start":{"line":36,"column":18},"end":{"line":36,"column":35}},"18":{"start":{"line":37,"column":21},"end":{"line":37,"column":42}},"19":{"start":{"line":43,"column":2},"end":{"line":93,"column":3}},"20":{"start":{"line":45,"column":22},"end":{"line":45,"column":54}},"21":{"start":{"line":46,"column":22},"end":{"line":46,"column":54}},"22":{"start":{"line":48,"column":4},"end":{"line":50,"column":5}},"23":{"start":{"line":49,"column":6},"end":{"line":49,"column":79}},"24":{"start":{"line":52,"column":4},"end":{"line":54,"column":5}},"25":{"start":{"line":53,"column":6},"end":{"line":53,"column":79}},"26":{"start":{"line":57,"column":24},"end":{"line":57,"column":65}},"27":{"start":{"line":58,"column":21},"end":{"line":58,"column":46}},"28":{"start":{"line":59,"column":4},"end":{"line":61,"column":5}},"29":{"start":{"line":60,"column":6},"end":{"line":60,"column":104}},"30":{"start":{"line":63,"column":36},"end":{"line":70,"column":6}},"31":{"start":{"line":72,"column":4},"end":{"line":72,"column":50}},"32":{"start":{"line":73,"column":4},"end":{"line":76,"column":6}},"33":{"start":{"line":79,"column":4},"end":{"line":79,"column":51}},"34":{"start":{"line":82,"column":4},"end":{"line":82,"column":32}},"35":{"start":{"line":84,"column":4},"end":{"line":84,"column":41}},"36":{"start":{"line":85,"column":4},"end":{"line":85,"column":33}},"37":{"start":{"line":87,"column":4},"end":{"line":87,"column":61}},"38":{"start":{"line":88,"column":4},"end":{"line":88,"column":79}},"39":{"start":{"line":90,"column":4},"end":{"line":90,"column":37}},"40":{"start":{"line":91,"column":4},"end":{"line":91,"column":85}},"41":{"start":{"line":92,"column":4},"end":{"line":92,"column":69}},"42":{"start":{"line":97,"column":0},"end":{"line":138,"column":3}},"43":{"start":{"line":98,"column":19},"end":{"line":98,"column":34}},"44":{"start":{"line":99,"column":17},"end":{"line":99,"column":31}},"45":{"start":{"line":101,"column":2},"end":{"line":101,"column":57}},"46":{"start":{"line":103,"column":2},"end":{"line":111,"column":3}},"47":{"start":{"line":104,"column":4},"end":{"line":110,"column":7}},"48":{"start":{"line":113,"column":15},"end":{"line":113,"column":45}},"49":{"start":{"line":115,"column":2},"end":{"line":123,"column":3}},"50":{"start":{"line":116,"column":4},"end":{"line":122,"column":7}},"51":{"start":{"line":125,"column":2},"end":{"line":137,"column":3}},"52":{"start":{"line":126,"column":19},"end":{"line":126,"column":45}},"53":{"start":{"line":127,"column":4},"end":{"line":127,"column":21}},"54":{"start":{"line":129,"column":4},"end":{"line":129,"column":64}},"55":{"start":{"line":130,"column":4},"end":{"line":136,"column":7}},"56":{"start":{"line":141,"column":0},"end":{"line":215,"column":3}},"57":{"start":{"line":142,"column":19},"end":{"line":142,"column":42}},"58":{"start":{"line":144,"column":2},"end":{"line":152,"column":3}},"59":{"start":{"line":145,"column":4},"end":{"line":151,"column":7}},"60":{"start":{"line":154,"column":2},"end":{"line":154,"column":71}},"61":{"start":{"line":156,"column":2},"end":{"line":164,"column":3}},"62":{"start":{"line":157,"column":4},"end":{"line":163,"column":7}},"63":{"start":{"line":166,"column":2},"end":{"line":214,"column":3}},"64":{"start":{"line":167,"column":20},"end":{"line":198,"column":null}},"65":{"start":{"line":169,"column":21},"end":{"line":169,"column":55}},"66":{"start":{"line":171,"column":8},"end":{"line":180,"column":9}},"67":{"start":{"line":172,"column":10},"end":{"line":179,"column":12}},"68":{"start":{"line":182,"column":8},"end":{"line":197,"column":9}},"69":{"start":{"line":183,"column":25},"end":{"line":183,"column":65}},"70":{"start":{"line":184,"column":10},"end":{"line":187,"column":12}},"71":{"start":{"line":189,"column":10},"end":{"line":196,"column":12}},"72":{"start":{"line":201,"column":4},"end":{"line":204,"column":7}},"73":{"start":{"line":206,"column":4},"end":{"line":206,"column":61}},"74":{"start":{"line":207,"column":4},"end":{"line":213,"column":7}},"75":{"start":{"line":218,"column":0},"end":{"line":241,"column":3}},"76":{"start":{"line":219,"column":2},"end":{"line":227,"column":3}},"77":{"start":{"line":220,"column":4},"end":{"line":226,"column":7}},"78":{"start":{"line":229,"column":16},"end":{"line":233,"column":5}},"79":{"start":{"line":229,"column":56},"end":{"line":233,"column":4}},"80":{"start":{"line":235,"column":2},"end":{"line":240,"column":5}},"81":{"start":{"line":244,"column":0},"end":{"line":252,"column":3}},"82":{"start":{"line":245,"column":2},"end":{"line":251,"column":5}},"83":{"start":{"line":256,"column":0},"end":{"line":282,"column":3}},"84":{"start":{"line":257,"column":2},"end":{"line":266,"column":3}},"85":{"start":{"line":258,"column":4},"end":{"line":265,"column":7}},"86":{"start":{"line":268,"column":2},"end":{"line":281,"column":3}},"87":{"start":{"line":269,"column":4},"end":{"line":269,"column":49}},"88":{"start":{"line":270,"column":4},"end":{"line":270,"column":62}},"89":{"start":{"line":272,"column":4},"end":{"line":272,"column":67}},"90":{"start":{"line":273,"column":4},"end":{"line":280,"column":7}},"91":{"start":{"line":285,"column":0},"end":{"line":305,"column":3}},"92":{"start":{"line":286,"column":2},"end":{"line":304,"column":3}},"93":{"start":{"line":287,"column":4},"end":{"line":287,"column":71}},"94":{"start":{"line":288,"column":4},"end":{"line":288,"column":55}},"95":{"start":{"line":289,"column":4},"end":{"line":289,"column":47}},"96":{"start":{"line":290,"column":4},"end":{"line":290,"column":46}},"97":{"start":{"line":293,"column":21},"end":{"line":295,"column":13}},"98":{"start":{"line":294,"column":6},"end":{"line":294,"column":35}},"99":{"start":{"line":297,"column":4},"end":{"line":299,"column":7}},"100":{"start":{"line":298,"column":6},"end":{"line":298,"column":30}},"101":{"start":{"line":302,"column":4},"end":{"line":302,"column":73}},"102":{"start":{"line":303,"column":4},"end":{"line":303,"column":26}},"103":{"start":{"line":308,"column":0},"end":{"line":321,"column":3}},"104":{"start":{"line":309,"column":2},"end":{"line":309,"column":75}},"105":{"start":{"line":312,"column":2},"end":{"line":312,"column":21}},"106":{"start":{"line":315,"column":2},"end":{"line":320,"column":3}},"107":{"start":{"line":316,"column":4},"end":{"line":316,"column":42}},"108":{"start":{"line":317,"column":4},"end":{"line":317,"column":53}},"109":{"start":{"line":319,"column":4},"end":{"line":319,"column":60}},"110":{"start":{"line":324,"column":0},"end":{"line":327,"column":3}},"111":{"start":{"line":325,"column":2},"end":{"line":325,"column":60}},"112":{"start":{"line":326,"column":2},"end":{"line":326,"column":12}},"113":{"start":{"line":329,"column":0},"end":{"line":332,"column":3}},"114":{"start":{"line":330,"column":2},"end":{"line":330,"column":59}},"115":{"start":{"line":331,"column":2},"end":{"line":331,"column":12}},"116":{"start":{"line":334,"column":0},"end":{"line":338,"column":3}},"117":{"start":{"line":335,"column":2},"end":{"line":335,"column":48}},"118":{"start":{"line":336,"column":2},"end":{"line":336,"column":12}},"119":{"start":{"line":337,"column":2},"end":{"line":337,"column":18}},"120":{"start":{"line":340,"column":0},"end":{"line":344,"column":3}},"121":{"start":{"line":341,"column":2},"end":{"line":341,"column":59}},"122":{"start":{"line":342,"column":2},"end":{"line":342,"column":12}},"123":{"start":{"line":343,"column":2},"end":{"line":343,"column":18}},"124":{"start":{"line":347,"column":2},"end":{"line":358,"column":3}},"125":{"start":{"line":349,"column":4},"end":{"line":352,"column":5}},"126":{"start":{"line":350,"column":6},"end":{"line":350,"column":43}},"127":{"start":{"line":355,"column":4},"end":{"line":355,"column":37}},"128":{"start":{"line":357,"column":4},"end":{"line":357,"column":52}},"129":{"start":{"line":362,"column":0},"end":{"line":362,"column":19}}},"fnMap":{"0":{"name":"initializeClient","decl":{"start":{"line":42,"column":9},"end":{"line":42,"column":25}},"loc":{"start":{"line":42,"column":25},"end":{"line":94,"column":1}}},"1":{"name":"(anonymous_2)","decl":{"start":{"line":97,"column":23},"end":{"line":97,"column":28}},"loc":{"start":{"line":97,"column":42},"end":{"line":138,"column":1}}},"2":{"name":"(anonymous_3)","decl":{"start":{"line":141,"column":23},"end":{"line":141,"column":28}},"loc":{"start":{"line":141,"column":42},"end":{"line":215,"column":1}}},"3":{"name":"(anonymous_4)","decl":{"start":{"line":168,"column":19},"end":{"line":168,"column":24}},"loc":{"start":{"line":168,"column":49},"end":{"line":198,"column":7}}},"4":{"name":"(anonymous_5)","decl":{"start":{"line":218,"column":23},"end":{"line":218,"column":24}},"loc":{"start":{"line":218,"column":37},"end":{"line":241,"column":1}}},"5":{"name":"(anonymous_6)","decl":{"start":{"line":229,"column":47},"end":{"line":229,"column":51}},"loc":{"start":{"line":229,"column":56},"end":{"line":233,"column":4}}},"6":{"name":"(anonymous_7)","decl":{"start":{"line":244,"column":19},"end":{"line":244,"column":20}},"loc":{"start":{"line":244,"column":33},"end":{"line":252,"column":1}}},"7":{"name":"(anonymous_8)","decl":{"start":{"line":256,"column":17},"end":{"line":256,"column":22}},"loc":{"start":{"line":256,"column":36},"end":{"line":282,"column":1}}},"8":{"name":"(anonymous_9)","decl":{"start":{"line":285,"column":16},"end":{"line":285,"column":21}},"loc":{"start":{"line":285,"column":35},"end":{"line":305,"column":1}}},"9":{"name":"(anonymous_10)","decl":{"start":{"line":293,"column":33},"end":{"line":293,"column":36}},"loc":{"start":{"line":293,"column":38},"end":{"line":295,"column":5}}},"10":{"name":"(anonymous_11)","decl":{"start":{"line":297,"column":20},"end":{"line":297,"column":23}},"loc":{"start":{"line":297,"column":25},"end":{"line":299,"column":5}}},"11":{"name":"(anonymous_12)","decl":{"start":{"line":308,"column":17},"end":{"line":308,"column":22}},"loc":{"start":{"line":308,"column":28},"end":{"line":321,"column":1}}},"12":{"name":"(anonymous_13)","decl":{"start":{"line":324,"column":22},"end":{"line":324,"column":25}},"loc":{"start":{"line":324,"column":27},"end":{"line":327,"column":1}}},"13":{"name":"(anonymous_14)","decl":{"start":{"line":329,"column":21},"end":{"line":329,"column":24}},"loc":{"start":{"line":329,"column":26},"end":{"line":332,"column":1}}},"14":{"name":"(anonymous_15)","decl":{"start":{"line":334,"column":32},"end":{"line":334,"column":33}},"loc":{"start":{"line":334,"column":42},"end":{"line":338,"column":1}}},"15":{"name":"(anonymous_16)","decl":{"start":{"line":340,"column":33},"end":{"line":340,"column":34}},"loc":{"start":{"line":340,"column":53},"end":{"line":344,"column":1}}},"16":{"name":"cleanup","decl":{"start":{"line":346,"column":9},"end":{"line":346,"column":16}},"loc":{"start":{"line":346,"column":16},"end":{"line":359,"column":1}}}},"branchMap":{"0":{"loc":{"start":{"line":23,"column":13},"end":{"line":23,"column":37}},"type":"binary-expr","locations":[{"start":{"line":23,"column":13},"end":{"line":23,"column":29}},{"start":{"line":23,"column":33},"end":{"line":23,"column":37}}]},"1":{"loc":{"start":{"line":48,"column":4},"end":{"line":50,"column":5}},"type":"if","locations":[{"start":{"line":48,"column":4},"end":{"line":50,"column":5}}]},"2":{"loc":{"start":{"line":52,"column":4},"end":{"line":54,"column":5}},"type":"if","locations":[{"start":{"line":52,"column":4},"end":{"line":54,"column":5}}]},"3":{"loc":{"start":{"line":57,"column":24},"end":{"line":57,"column":65}},"type":"binary-expr","locations":[{"start":{"line":57,"column":24},"end":{"line":57,"column":55}},{"start":{"line":57,"column":59},"end":{"line":57,"column":65}}]},"4":{"loc":{"start":{"line":59,"column":4},"end":{"line":61,"column":5}},"type":"if","locations":[{"start":{"line":59,"column":4},"end":{"line":61,"column":5}}]},"5":{"loc":{"start":{"line":59,"column":8},"end":{"line":59,"column":40}},"type":"binary-expr","locations":[{"start":{"line":59,"column":8},"end":{"line":59,"column":23}},{"start":{"line":59,"column":27},"end":{"line":59,"column":40}}]},"6":{"loc":{"start":{"line":91,"column":28},"end":{"line":91,"column":84}},"type":"cond-expr","locations":[{"start":{"line":91,"column":53},"end":{"line":91,"column":66}},{"start":{"line":91,"column":69},"end":{"line":91,"column":84}}]},"7":{"loc":{"start":{"line":99,"column":17},"end":{"line":99,"column":31}},"type":"binary-expr","locations":[{"start":{"line":99,"column":17},"end":{"line":99,"column":25}},{"start":{"line":99,"column":29},"end":{"line":99,"column":31}}]},"8":{"loc":{"start":{"line":103,"column":2},"end":{"line":111,"column":3}},"type":"if","locations":[{"start":{"line":103,"column":2},"end":{"line":111,"column":3}}]},"9":{"loc":{"start":{"line":115,"column":2},"end":{"line":123,"column":3}},"type":"if","locations":[{"start":{"line":115,"column":2},"end":{"line":123,"column":3}}]},"10":{"loc":{"start":{"line":133,"column":17},"end":{"line":133,"column":73}},"type":"cond-expr","locations":[{"start":{"line":133,"column":42},"end":{"line":133,"column":55}},{"start":{"line":133,"column":58},"end":{"line":133,"column":73}}]},"11":{"loc":{"start":{"line":134,"column":14},"end":{"line":134,"column":66}},"type":"cond-expr","locations":[{"start":{"line":134,"column":39},"end":{"line":134,"column":49}},{"start":{"line":134,"column":52},"end":{"line":134,"column":66}}]},"12":{"loc":{"start":{"line":142,"column":19},"end":{"line":142,"column":42}},"type":"binary-expr","locations":[{"start":{"line":142,"column":19},"end":{"line":142,"column":36}},{"start":{"line":142,"column":40},"end":{"line":142,"column":42}}]},"13":{"loc":{"start":{"line":144,"column":2},"end":{"line":152,"column":3}},"type":"if","locations":[{"start":{"line":144,"column":2},"end":{"line":152,"column":3}}]},"14":{"loc":{"start":{"line":144,"column":6},"end":{"line":144,"column":55}},"type":"binary-expr","locations":[{"start":{"line":144,"column":6},"end":{"line":144,"column":30}},{"start":{"line":144,"column":34},"end":{"line":144,"column":55}}]},"15":{"loc":{"start":{"line":156,"column":2},"end":{"line":164,"column":3}},"type":"if","locations":[{"start":{"line":156,"column":2},"end":{"line":164,"column":3}}]},"16":{"loc":{"start":{"line":171,"column":8},"end":{"line":180,"column":9}},"type":"if","locations":[{"start":{"line":171,"column":8},"end":{"line":180,"column":9}}]},"17":{"loc":{"start":{"line":183,"column":44},"end":{"line":183,"column":64}},"type":"binary-expr","locations":[{"start":{"line":183,"column":44},"end":{"line":183,"column":58}},{"start":{"line":183,"column":62},"end":{"line":183,"column":64}}]},"18":{"loc":{"start":{"line":193,"column":23},"end":{"line":193,"column":79}},"type":"cond-expr","locations":[{"start":{"line":193,"column":48},"end":{"line":193,"column":61}},{"start":{"line":193,"column":64},"end":{"line":193,"column":79}}]},"19":{"loc":{"start":{"line":194,"column":20},"end":{"line":194,"column":72}},"type":"cond-expr","locations":[{"start":{"line":194,"column":45},"end":{"line":194,"column":55}},{"start":{"line":194,"column":58},"end":{"line":194,"column":72}}]},"20":{"loc":{"start":{"line":210,"column":17},"end":{"line":210,"column":73}},"type":"cond-expr","locations":[{"start":{"line":210,"column":42},"end":{"line":210,"column":55}},{"start":{"line":210,"column":58},"end":{"line":210,"column":73}}]},"21":{"loc":{"start":{"line":211,"column":14},"end":{"line":211,"column":66}},"type":"cond-expr","locations":[{"start":{"line":211,"column":39},"end":{"line":211,"column":49}},{"start":{"line":211,"column":52},"end":{"line":211,"column":66}}]},"22":{"loc":{"start":{"line":219,"column":2},"end":{"line":227,"column":3}},"type":"if","locations":[{"start":{"line":219,"column":2},"end":{"line":227,"column":3}}]},"23":{"loc":{"start":{"line":250,"column":11},"end":{"line":250,"column":61}},"type":"cond-expr","locations":[{"start":{"line":250,"column":29},"end":{"line":250,"column":56}},{"start":{"line":250,"column":59},"end":{"line":250,"column":61}}]},"24":{"loc":{"start":{"line":257,"column":2},"end":{"line":266,"column":3}},"type":"if","locations":[{"start":{"line":257,"column":2},"end":{"line":266,"column":3}}]},"25":{"loc":{"start":{"line":264,"column":10},"end":{"line":264,"column":30}},"type":"binary-expr","locations":[{"start":{"line":264,"column":10},"end":{"line":264,"column":22}},{"start":{"line":264,"column":26},"end":{"line":264,"column":30}}]},"26":{"loc":{"start":{"line":277,"column":17},"end":{"line":277,"column":73}},"type":"cond-expr","locations":[{"start":{"line":277,"column":42},"end":{"line":277,"column":55}},{"start":{"line":277,"column":58},"end":{"line":277,"column":73}}]},"27":{"loc":{"start":{"line":279,"column":10},"end":{"line":279,"column":30}},"type":"binary-expr","locations":[{"start":{"line":279,"column":10},"end":{"line":279,"column":22}},{"start":{"line":279,"column":26},"end":{"line":279,"column":30}}]},"28":{"loc":{"start":{"line":349,"column":4},"end":{"line":352,"column":5}},"type":"if","locations":[{"start":{"line":349,"column":4},"end":{"line":352,"column":5}}]}},"s":{"0":0,"1":0,"2":0,"3":0,"4":0,"5":0,"6":0,"7":0,"8":0,"9":0,"10":0,"11":0,"12":0,"13":0,"14":0,"15":0,"16":0,"17":0,"18":0,"19":0,"20":0,"21":0,"22":0,"23":0,"24":0,"25":0,"26":0,"27":0,"28":0,"29":0,"30":0,"31":0,"32":0,"33":0,"34":0,"35":0,"36":0,"37":0,"38":0,"39":0,"40":0,"41":0,"42":0,"43":0,"44":0,"45":0,"46":0,"47":0,"48":0,"49":0,"50":0,"51":0,"52":0,"53":0,"54":0,"55":0,"56":0,"57":0,"58":0,"59":0,"60":0,"61":0,"62":0,"63":0,"64":0,"65":0,"66":0,"67":0,"68":0,"69":0,"70":0,"71":0,"72":0,"73":0,"74":0,"75":0,"76":0,"77":0,"78":0,"79":0,"80":0,"81":0,"82":0,"83":0,"84":0,"85":0,"86":0,"87":0,"88":0,"89":0,"90":0,"91":0,"92":0,"93":0,"94":0,"95":0,"96":0,"97":0,"98":0,"99":0,"100":0,"101":0,"102":0,"103":0,"104":0,"105":0,"106":0,"107":0,"108":0,"109":0,"110":0,"111":0,"112":0,"113":0,"114":0,"115":0,"116":0,"117":0,"118":0,"119":0,"120":0,"121":0,"122":0,"123":0,"124":0,"125":0,"126":0,"127":0,"128":0,"129":0},"f":{"0":0,"1":0,"2":0,"3":0,"4":0,"5":0,"6":0,"7":0,"8":0,"9":0,"10":0,"11":0,"12":0,"13":0,"14":0,"15":0,"16":0},"b":{"0":[0,0],"1":[0],"2":[0],"3":[0,0],"4":[0],"5":[0,0],"6":[0,0],"7":[0,0],"8":[0],"9":[0],"10":[0,0],"11":[0,0],"12":[0,0],"13":[0],"14":[0,0],"15":[0],"16":[0],"17":[0,0],"18":[0,0],"19":[0,0],"20":[0,0],"21":[0,0],"22":[0],"23":[0,0],"24":[0],"25":[0,0],"26":[0,0],"27":[0,0],"28":[0]}}
,"/Users/danielbushman/Quickbase-MCP-connector/src/client/quickbase.ts": {"path":"/Users/danielbushman/Quickbase-MCP-connector/src/client/quickbase.ts","statementMap":{"0":{"start":{"line":3,"column":0},"end":{"line":3,"column":46}},"1":{"start":{"line":4,"column":0},"end":{"line":4,"column":47}},"2":{"start":{"line":5,"column":0},"end":{"line":5,"column":57}},"3":{"start":{"line":7,"column":15},"end":{"line":7,"column":46}},"4":{"start":{"line":13,"column":10},"end":{"line":13,"column":34}},"5":{"start":{"line":16,"column":10},"end":{"line":16,"column":53}},"6":{"start":{"line":19,"column":4},"end":{"line":19,"column":35}},"7":{"start":{"line":20,"column":4},"end":{"line":20,"column":29}},"8":{"start":{"line":25,"column":4},"end":{"line":25,"column":66}},"9":{"start":{"line":25,"column":43},"end":{"line":25,"column":64}},"10":{"start":{"line":26,"column":4},"end":{"line":26,"column":24}},"11":{"start":{"line":30,"column":16},"end":{"line":30,"column":26}},"12":{"start":{"line":33,"column":4},"end":{"line":33,"column":77}},"13":{"start":{"line":33,"column":49},"end":{"line":33,"column":75}},"14":{"start":{"line":35,"column":4},"end":{"line":47,"column":5}},"15":{"start":{"line":37,"column":28},"end":{"line":37,"column":54}},"16":{"start":{"line":38,"column":23},"end":{"line":38,"column":65}},"17":{"start":{"line":40,"column":6},"end":{"line":46,"column":7}},"18":{"start":{"line":41,"column":8},"end":{"line":41,"column":61}},"19":{"start":{"line":42,"column":8},"end":{"line":42,"column":68}},"20":{"start":{"line":42,"column":37},"end":{"line":42,"column":66}},"21":{"start":{"line":45,"column":8},"end":{"line":45,"column":37}},"22":{"start":{"line":50,"column":4},"end":{"line":50,"column":35}},"23":{"start":{"line":69,"column":4},"end":{"line":77,"column":6}},"24":{"start":{"line":79,"column":4},"end":{"line":81,"column":5}},"25":{"start":{"line":80,"column":6},"end":{"line":80,"column":52}},"26":{"start":{"line":83,"column":4},"end":{"line":85,"column":5}},"27":{"start":{"line":84,"column":6},"end":{"line":84,"column":48}},"28":{"start":{"line":87,"column":4},"end":{"line":87,"column":50}},"29":{"start":{"line":89,"column":4},"end":{"line":94,"column":6}},"30":{"start":{"line":96,"column":4},"end":{"line":99,"column":6}},"31":{"start":{"line":102,"column":4},"end":{"line":105,"column":6}},"32":{"start":{"line":107,"column":4},"end":{"line":112,"column":7}},"33":{"start":{"line":120,"column":4},"end":{"line":120,"column":30}},"34":{"start":{"line":129,"column":24},"end":{"line":241,"column":5}},"35":{"start":{"line":130,"column":78},"end":{"line":130,"column":85}},"36":{"start":{"line":133,"column":16},"end":{"line":133,"column":40}},"37":{"start":{"line":134,"column":6},"end":{"line":140,"column":7}},"38":{"start":{"line":135,"column":29},"end":{"line":135,"column":50}},"39":{"start":{"line":136,"column":8},"end":{"line":138,"column":11}},"40":{"start":{"line":137,"column":10},"end":{"line":137,"column":42}},"41":{"start":{"line":139,"column":8},"end":{"line":139,"column":45}},"42":{"start":{"line":143,"column":23},"end":{"line":143,"column":41}},"43":{"start":{"line":144,"column":6},"end":{"line":150,"column":7}},"44":{"start":{"line":145,"column":31},"end":{"line":145,"column":71}},"45":{"start":{"line":146,"column":8},"end":{"line":149,"column":9}},"46":{"start":{"line":147,"column":10},"end":{"line":147,"column":69}},"47":{"start":{"line":148,"column":10},"end":{"line":148,"column":32}},"48":{"start":{"line":153,"column":6},"end":{"line":153,"column":36}},"49":{"start":{"line":156,"column":29},"end":{"line":156,"column":60}},"50":{"start":{"line":159,"column":30},"end":{"line":159,"column":51}},"51":{"start":{"line":160,"column":6},"end":{"line":162,"column":7}},"52":{"start":{"line":161,"column":8},"end":{"line":161,"column":57}},"53":{"start":{"line":163,"column":6},"end":{"line":166,"column":7}},"54":{"start":{"line":165,"column":8},"end":{"line":165,"column":116}},"55":{"start":{"line":168,"column":6},"end":{"line":173,"column":9}},"56":{"start":{"line":176,"column":25},"end":{"line":176,"column":46}},"57":{"start":{"line":177,"column":24},"end":{"line":177,"column":97}},"58":{"start":{"line":177,"column":41},"end":{"line":177,"column":59}},"59":{"start":{"line":180,"column":6},"end":{"line":189,"column":7}},"60":{"start":{"line":181,"column":8},"end":{"line":186,"column":11}},"61":{"start":{"line":188,"column":8},"end":{"line":188,"column":32}},"62":{"start":{"line":193,"column":6},"end":{"line":197,"column":7}},"63":{"start":{"line":194,"column":8},"end":{"line":194,"column":45}},"64":{"start":{"line":196,"column":8},"end":{"line":196,"column":110}},"65":{"start":{"line":200,"column":6},"end":{"line":202,"column":7}},"66":{"start":{"line":201,"column":8},"end":{"line":201,"column":62}},"67":{"start":{"line":204,"column":19},"end":{"line":204,"column":58}},"68":{"start":{"line":207,"column":6},"end":{"line":227,"column":7}},"69":{"start":{"line":208,"column":29},"end":{"line":208,"column":98}},"70":{"start":{"line":209,"column":32},"end":{"line":213,"column":10}},"71":{"start":{"line":215,"column":8},"end":{"line":218,"column":11}},"72":{"start":{"line":221,"column":26},"end":{"line":221,"column":85}},"73":{"start":{"line":222,"column":8},"end":{"line":222,"column":82}},"74":{"start":{"line":226,"column":8},"end":{"line":226,"column":24}},"75":{"start":{"line":230,"column":37},"end":{"line":233,"column":8}},"76":{"start":{"line":236,"column":6},"end":{"line":238,"column":7}},"77":{"start":{"line":237,"column":8},"end":{"line":237,"column":41}},"78":{"start":{"line":240,"column":6},"end":{"line":240,"column":20}},"79":{"start":{"line":244,"column":39},"end":{"line":268,"column":6}},"80":{"start":{"line":249,"column":8},"end":{"line":249,"column":33}},"81":{"start":{"line":249,"column":20},"end":{"line":249,"column":33}},"82":{"start":{"line":252,"column":8},"end":{"line":257,"column":9}},"83":{"start":{"line":253,"column":28},"end":{"line":253,"column":55}},"84":{"start":{"line":254,"column":10},"end":{"line":256,"column":69}},"85":{"start":{"line":260,"column":8},"end":{"line":264,"column":9}},"86":{"start":{"line":261,"column":10},"end":{"line":263,"column":54}},"87":{"start":{"line":266,"column":8},"end":{"line":266,"column":21}},"88":{"start":{"line":270,"column":4},"end":{"line":284,"column":5}},"89":{"start":{"line":272,"column":6},"end":{"line":272,"column":58}},"90":{"start":{"line":275,"column":6},"end":{"line":275,"column":62}},"91":{"start":{"line":277,"column":6},"end":{"line":283,"column":8}},"92":{"start":{"line":57,"column":0},"end":{"line":57,"column":13}}},"fnMap":{"0":{"name":"(anonymous_0)","decl":{"start":{"line":18,"column":2},"end":{"line":18,"column":14}},"loc":{"start":{"line":18,"column":63},"end":{"line":21,"column":3}}},"1":{"name":"(anonymous_1)","decl":{"start":{"line":23,"column":2},"end":{"line":23,"column":7}},"loc":{"start":{"line":23,"column":12},"end":{"line":27,"column":3}}},"2":{"name":"(anonymous_2)","decl":{"start":{"line":25,"column":37},"end":{"line":25,"column":40}},"loc":{"start":{"line":25,"column":43},"end":{"line":25,"column":64}}},"3":{"name":"(anonymous_3)","decl":{"start":{"line":29,"column":10},"end":{"line":29,"column":15}},"loc":{"start":{"line":29,"column":30},"end":{"line":51,"column":3}}},"4":{"name":"(anonymous_4)","decl":{"start":{"line":33,"column":41},"end":{"line":33,"column":45}},"loc":{"start":{"line":33,"column":49},"end":{"line":33,"column":75}}},"5":{"name":"(anonymous_5)","decl":{"start":{"line":42,"column":26},"end":{"line":42,"column":33}},"loc":{"start":{"line":42,"column":37},"end":{"line":42,"column":66}}},"6":{"name":"(anonymous_6)","decl":{"start":{"line":68,"column":2},"end":{"line":68,"column":14}},"loc":{"start":{"line":68,"column":37},"end":{"line":113,"column":3}}},"7":{"name":"(anonymous_7)","decl":{"start":{"line":119,"column":9},"end":{"line":119,"column":18}},"loc":{"start":{"line":119,"column":18},"end":{"line":121,"column":3}}},"8":{"name":"(anonymous_8)","decl":{"start":{"line":128,"column":2},"end":{"line":128,"column":7}},"loc":{"start":{"line":128,"column":42},"end":{"line":285,"column":3}}},"9":{"name":"(anonymous_9)","decl":{"start":{"line":129,"column":24},"end":{"line":129,"column":29}},"loc":{"start":{"line":129,"column":60},"end":{"line":241,"column":5}}},"10":{"name":"(anonymous_10)","decl":{"start":{"line":136,"column":39},"end":{"line":136,"column":40}},"loc":{"start":{"line":136,"column":56},"end":{"line":138,"column":9}}},"11":{"name":"(anonymous_11)","decl":{"start":{"line":177,"column":35},"end":{"line":177,"column":38}},"loc":{"start":{"line":177,"column":41},"end":{"line":177,"column":59}}},"12":{"name":"(anonymous_12)","decl":{"start":{"line":247,"column":19},"end":{"line":247,"column":20}},"loc":{"start":{"line":247,"column":38},"end":{"line":267,"column":7}}}},"branchMap":{"0":{"loc":{"start":{"line":18,"column":14},"end":{"line":18,"column":38}},"type":"default-arg","locations":[{"start":{"line":18,"column":36},"end":{"line":18,"column":38}}]},"1":{"loc":{"start":{"line":18,"column":40},"end":{"line":18,"column":63}},"type":"default-arg","locations":[{"start":{"line":18,"column":59},"end":{"line":18,"column":63}}]},"2":{"loc":{"start":{"line":35,"column":4},"end":{"line":47,"column":5}},"type":"if","locations":[{"start":{"line":35,"column":4},"end":{"line":47,"column":5}}]},"3":{"loc":{"start":{"line":40,"column":6},"end":{"line":46,"column":7}},"type":"if","locations":[{"start":{"line":40,"column":6},"end":{"line":46,"column":7}}]},"4":{"loc":{"start":{"line":79,"column":4},"end":{"line":81,"column":5}},"type":"if","locations":[{"start":{"line":79,"column":4},"end":{"line":81,"column":5}}]},"5":{"loc":{"start":{"line":83,"column":4},"end":{"line":85,"column":5}},"type":"if","locations":[{"start":{"line":83,"column":4},"end":{"line":85,"column":5}}]},"6":{"loc":{"start":{"line":93,"column":20},"end":{"line":93,"column":72}},"type":"binary-expr","locations":[{"start":{"line":93,"column":20},"end":{"line":93,"column":41}},{"start":{"line":93,"column":45},"end":{"line":93,"column":72}}]},"7":{"loc":{"start":{"line":103,"column":6},"end":{"line":103,"column":33}},"type":"binary-expr","locations":[{"start":{"line":103,"column":6},"end":{"line":103,"column":27}},{"start":{"line":103,"column":31},"end":{"line":103,"column":33}}]},"8":{"loc":{"start":{"line":111,"column":17},"end":{"line":111,"column":44}},"type":"binary-expr","locations":[{"start":{"line":111,"column":17},"end":{"line":111,"column":38}},{"start":{"line":111,"column":42},"end":{"line":111,"column":44}}]},"9":{"loc":{"start":{"line":130,"column":42},"end":{"line":130,"column":54}},"type":"default-arg","locations":[{"start":{"line":130,"column":52},"end":{"line":130,"column":54}}]},"10":{"loc":{"start":{"line":130,"column":56},"end":{"line":130,"column":73}},"type":"default-arg","locations":[{"start":{"line":130,"column":68},"end":{"line":130,"column":73}}]},"11":{"loc":{"start":{"line":134,"column":6},"end":{"line":140,"column":7}},"type":"if","locations":[{"start":{"line":134,"column":6},"end":{"line":140,"column":7}}]},"12":{"loc":{"start":{"line":134,"column":10},"end":{"line":134,"column":50}},"type":"binary-expr","locations":[{"start":{"line":134,"column":10},"end":{"line":134,"column":16}},{"start":{"line":134,"column":20},"end":{"line":134,"column":50}}]},"13":{"loc":{"start":{"line":144,"column":6},"end":{"line":150,"column":7}},"type":"if","locations":[{"start":{"line":144,"column":6},"end":{"line":150,"column":7}}]},"14":{"loc":{"start":{"line":144,"column":10},"end":{"line":144,"column":40}},"type":"binary-expr","locations":[{"start":{"line":144,"column":10},"end":{"line":144,"column":26}},{"start":{"line":144,"column":30},"end":{"line":144,"column":40}}]},"15":{"loc":{"start":{"line":146,"column":8},"end":{"line":149,"column":9}},"type":"if","locations":[{"start":{"line":146,"column":8},"end":{"line":149,"column":9}}]},"16":{"loc":{"start":{"line":160,"column":6},"end":{"line":162,"column":7}},"type":"if","locations":[{"start":{"line":160,"column":6},"end":{"line":162,"column":7}}]},"17":{"loc":{"start":{"line":163,"column":6},"end":{"line":166,"column":7}},"type":"if","locations":[{"start":{"line":163,"column":6},"end":{"line":166,"column":7}}]},"18":{"loc":{"start":{"line":172,"column":14},"end":{"line":172,"column":53}},"type":"cond-expr","locations":[{"start":{"line":172,"column":21},"end":{"line":172,"column":41}},{"start":{"line":172,"column":44},"end":{"line":172,"column":53}}]},"19":{"loc":{"start":{"line":177,"column":61},"end":{"line":177,"column":96}},"type":"binary-expr","locations":[{"start":{"line":177,"column":61},"end":{"line":177,"column":87}},{"start":{"line":177,"column":91},"end":{"line":177,"column":96}}]},"20":{"loc":{"start":{"line":184,"column":16},"end":{"line":184,"column":55}},"type":"cond-expr","locations":[{"start":{"line":184,"column":23},"end":{"line":184,"column":43}},{"start":{"line":184,"column":46},"end":{"line":184,"column":55}}]},"21":{"loc":{"start":{"line":196,"column":50},"end":{"line":196,"column":106}},"type":"cond-expr","locations":[{"start":{"line":196,"column":75},"end":{"line":196,"column":88}},{"start":{"line":196,"column":91},"end":{"line":196,"column":106}}]},"22":{"loc":{"start":{"line":200,"column":6},"end":{"line":202,"column":7}},"type":"if","locations":[{"start":{"line":200,"column":6},"end":{"line":202,"column":7}}]},"23":{"loc":{"start":{"line":200,"column":10},"end":{"line":200,"column":67}},"type":"binary-expr","locations":[{"start":{"line":200,"column":10},"end":{"line":200,"column":42}},{"start":{"line":200,"column":46},"end":{"line":200,"column":67}}]},"24":{"loc":{"start":{"line":207,"column":6},"end":{"line":227,"column":7}},"type":"if","locations":[{"start":{"line":207,"column":6},"end":{"line":227,"column":7}}]},"25":{"loc":{"start":{"line":208,"column":29},"end":{"line":208,"column":98}},"type":"cond-expr","locations":[{"start":{"line":208,"column":64},"end":{"line":208,"column":76}},{"start":{"line":208,"column":79},"end":{"line":208,"column":98}}]},"26":{"loc":{"start":{"line":236,"column":6},"end":{"line":238,"column":7}},"type":"if","locations":[{"start":{"line":236,"column":6},"end":{"line":238,"column":7}}]},"27":{"loc":{"start":{"line":236,"column":10},"end":{"line":236,"column":40}},"type":"binary-expr","locations":[{"start":{"line":236,"column":10},"end":{"line":236,"column":26}},{"start":{"line":236,"column":30},"end":{"line":236,"column":40}}]},"28":{"loc":{"start":{"line":245,"column":18},"end":{"line":245,"column":45}},"type":"binary-expr","locations":[{"start":{"line":245,"column":18},"end":{"line":245,"column":40}},{"start":{"line":245,"column":44},"end":{"line":245,"column":45}}]},"29":{"loc":{"start":{"line":246,"column":17},"end":{"line":246,"column":47}},"type":"binary-expr","locations":[{"start":{"line":246,"column":17},"end":{"line":246,"column":39}},{"start":{"line":246,"column":43},"end":{"line":246,"column":47}}]},"30":{"loc":{"start":{"line":249,"column":8},"end":{"line":249,"column":33}},"type":"if","locations":[{"start":{"line":249,"column":8},"end":{"line":249,"column":33}}]},"31":{"loc":{"start":{"line":252,"column":8},"end":{"line":257,"column":9}},"type":"if","locations":[{"start":{"line":252,"column":8},"end":{"line":257,"column":9}}]},"32":{"loc":{"start":{"line":252,"column":12},"end":{"line":252,"column":76}},"type":"binary-expr","locations":[{"start":{"line":252,"column":12},"end":{"line":252,"column":37}},{"start":{"line":252,"column":41},"end":{"line":252,"column":55}},{"start":{"line":252,"column":59},"end":{"line":252,"column":76}}]},"33":{"loc":{"start":{"line":254,"column":17},"end":{"line":256,"column":68}},"type":"binary-expr","locations":[{"start":{"line":254,"column":17},"end":{"line":254,"column":41}},{"start":{"line":255,"column":17},"end":{"line":255,"column":41}},{"start":{"line":256,"column":18},"end":{"line":256,"column":41}},{"start":{"line":256,"column":45},"end":{"line":256,"column":67}}]},"34":{"loc":{"start":{"line":260,"column":8},"end":{"line":264,"column":9}},"type":"if","locations":[{"start":{"line":260,"column":8},"end":{"line":264,"column":9}}]},"35":{"loc":{"start":{"line":261,"column":17},"end":{"line":263,"column":53}},"type":"binary-expr","locations":[{"start":{"line":261,"column":17},"end":{"line":261,"column":50}},{"start":{"line":262,"column":17},"end":{"line":262,"column":50}},{"start":{"line":263,"column":17},"end":{"line":263,"column":53}}]},"36":{"loc":{"start":{"line":280,"column":19},"end":{"line":280,"column":75}},"type":"cond-expr","locations":[{"start":{"line":280,"column":44},"end":{"line":280,"column":57}},{"start":{"line":280,"column":60},"end":{"line":280,"column":75}}]}},"s":{"0":6,"1":6,"2":6,"3":6,"4":231,"5":231,"6":231,"7":231,"8":0,"9":0,"10":0,"11":0,"12":0,"13":0,"14":0,"15":0,"16":0,"17":0,"18":0,"19":0,"20":0,"21":0,"22":0,"23":235,"24":235,"25":2,"26":233,"27":2,"28":231,"29":231,"30":231,"31":231,"32":231,"33":1,"34":0,"35":0,"36":0,"37":0,"38":0,"39":0,"40":0,"41":0,"42":0,"43":0,"44":0,"45":0,"46":0,"47":0,"48":0,"49":0,"50":0,"51":0,"52":0,"53":0,"54":0,"55":0,"56":0,"57":0,"58":0,"59":0,"60":0,"61":0,"62":0,"63":0,"64":0,"65":0,"66":0,"67":0,"68":0,"69":0,"70":0,"71":0,"72":0,"73":0,"74":0,"75":0,"76":0,"77":0,"78":0,"79":0,"80":0,"81":0,"82":0,"83":0,"84":0,"85":0,"86":0,"87":0,"88":0,"89":0,"90":0,"91":0,"92":6},"f":{"0":231,"1":0,"2":0,"3":0,"4":0,"5":0,"6":235,"7":1,"8":0,"9":0,"10":0,"11":0,"12":0},"b":{"0":[0],"1":[0],"2":[0],"3":[0],"4":[2],"5":[2],"6":[231,0],"7":[231,231],"8":[231,231],"9":[0],"10":[0],"11":[0],"12":[0,0],"13":[0],"14":[0,0],"15":[0],"16":[0],"17":[0],"18":[0,0],"19":[0,0],"20":[0,0],"21":[0,0],"22":[0],"23":[0,0],"24":[0],"25":[0,0],"26":[0],"27":[0,0],"28":[0,0],"29":[0,0],"30":[0],"31":[0],"32":[0,0,0],"33":[0,0,0,0],"34":[0],"35":[0,0,0],"36":[0,0]}}
,"/Users/danielbushman/Quickbase-MCP-connector/src/mcp/index.ts": {"path":"/Users/danielbushman/Quickbase-MCP-connector/src/mcp/index.ts","statementMap":{"0":{"start":{"line":4,"column":0},"end":{"line":4,"column":25}}},"fnMap":{},"branchMap":{},"s":{"0":0},"f":{},"b":{}}
,"/Users/danielbushman/Quickbase-MCP-connector/src/mcp/server.ts": {"path":"/Users/danielbushman/Quickbase-MCP-connector/src/mcp/server.ts","statementMap":{"0":{"start":{"line":17,"column":0},"end":{"line":17,"column":16}},"1":{"start":{"line":32,"column":0},"end":{"line":32,"column":16}},"2":{"start":{"line":87,"column":0},"end":{"line":87,"column":16}},"3":{"start":{"line":99,"column":0},"end":{"line":99,"column":7}},"4":{"start":{"line":4,"column":0},"end":{"line":4,"column":36}},"5":{"start":{"line":6,"column":0},"end":{"line":6,"column":68}},"6":{"start":{"line":7,"column":0},"end":{"line":7,"column":99}},"7":{"start":{"line":8,"column":0},"end":{"line":8,"column":47}},"8":{"start":{"line":9,"column":0},"end":{"line":9,"column":40}},"9":{"start":{"line":10,"column":0},"end":{"line":10,"column":57}},"10":{"start":{"line":12,"column":15},"end":{"line":12,"column":41}},"11":{"start":{"line":19,"column":17},"end":{"line":22,"column":4}},"12":{"start":{"line":24,"column":2},"end":{"line":24,"column":36}},"13":{"start":{"line":26,"column":2},"end":{"line":26,"column":16}},"14":{"start":{"line":33,"column":2},"end":{"line":33,"column":24}},"15":{"start":{"line":40,"column":16},"end":{"line":40,"column":42}},"16":{"start":{"line":42,"column":2},"end":{"line":78,"column":5}},"17":{"start":{"line":44,"column":19},"end":{"line":44,"column":55}},"18":{"start":{"line":47,"column":4},"end":{"line":75,"column":6}},"19":{"start":{"line":52,"column":8},"end":{"line":73,"column":9}},"20":{"start":{"line":53,"column":10},"end":{"line":53,"column":58}},"21":{"start":{"line":54,"column":30},"end":{"line":54,"column":56}},"22":{"start":{"line":57,"column":10},"end":{"line":61,"column":11}},"23":{"start":{"line":58,"column":33},"end":{"line":58,"column":86}},"24":{"start":{"line":59,"column":12},"end":{"line":59,"column":83}},"25":{"start":{"line":60,"column":12},"end":{"line":60,"column":42}},"26":{"start":{"line":64,"column":10},"end":{"line":69,"column":12}},"27":{"start":{"line":71,"column":10},"end":{"line":71,"column":75}},"28":{"start":{"line":72,"column":10},"end":{"line":72,"column":22}},"29":{"start":{"line":77,"column":4},"end":{"line":77,"column":53}},"30":{"start":{"line":80,"column":2},"end":{"line":80,"column":66}},"31":{"start":{"line":90,"column":2},"end":{"line":93,"column":5}},"32":{"start":{"line":91,"column":30},"end":{"line":91,"column":42}},"33":{"start":{"line":105,"column":2},"end":{"line":118,"column":3}},"34":{"start":{"line":106,"column":4},"end":{"line":106,"column":40}},"35":{"start":{"line":107,"column":4},"end":{"line":107,"column":54}},"36":{"start":{"line":109,"column":4},"end":{"line":109,"column":58}},"37":{"start":{"line":110,"column":4},"end":{"line":117,"column":7}}},"fnMap":{"0":{"name":"createMcpServer","decl":{"start":{"line":17,"column":16},"end":{"line":17,"column":31}},"loc":{"start":{"line":17,"column":31},"end":{"line":27,"column":1}}},"1":{"name":"registerMcpTools","decl":{"start":{"line":32,"column":16},"end":{"line":32,"column":32}},"loc":{"start":{"line":32,"column":50},"end":{"line":34,"column":1}}},"2":{"name":"registerTools","decl":{"start":{"line":39,"column":9},"end":{"line":39,"column":22}},"loc":{"start":{"line":39,"column":40},"end":{"line":81,"column":1}}},"3":{"name":"(anonymous_3)","decl":{"start":{"line":42,"column":16},"end":{"line":42,"column":20}},"loc":{"start":{"line":42,"column":23},"end":{"line":78,"column":3}}},"4":{"name":"(anonymous_4)","decl":{"start":{"line":51,"column":6},"end":{"line":51,"column":11}},"loc":{"start":{"line":51,"column":48},"end":{"line":74,"column":7}}},"5":{"name":"createHttpTransport","decl":{"start":{"line":87,"column":16},"end":{"line":87,"column":35}},"loc":{"start":{"line":87,"column":35},"end":{"line":94,"column":1}}},"6":{"name":"(anonymous_6)","decl":{"start":{"line":91,"column":24},"end":{"line":91,"column":27}},"loc":{"start":{"line":91,"column":30},"end":{"line":91,"column":42}}},"7":{"name":"handleMcpRequest","decl":{"start":{"line":99,"column":22},"end":{"line":99,"column":38}},"loc":{"start":{"line":103,"column":15},"end":{"line":119,"column":1}}}},"branchMap":{"0":{"loc":{"start":{"line":57,"column":10},"end":{"line":61,"column":11}},"type":"if","locations":[{"start":{"line":57,"column":10},"end":{"line":61,"column":11}}]},"1":{"loc":{"start":{"line":57,"column":14},"end":{"line":57,"column":55}},"type":"binary-expr","locations":[{"start":{"line":57,"column":14},"end":{"line":57,"column":34}},{"start":{"line":57,"column":38},"end":{"line":57,"column":55}}]},"2":{"loc":{"start":{"line":58,"column":33},"end":{"line":58,"column":86}},"type":"binary-expr","locations":[{"start":{"line":58,"column":33},"end":{"line":58,"column":59}},{"start":{"line":58,"column":63},"end":{"line":58,"column":86}}]},"3":{"loc":{"start":{"line":114,"column":17},"end":{"line":114,"column":73}},"type":"cond-expr","locations":[{"start":{"line":114,"column":42},"end":{"line":114,"column":55}},{"start":{"line":114,"column":58},"end":{"line":114,"column":73}}]},"4":{"loc":{"start":{"line":116,"column":10},"end":{"line":116,"column":30}},"type":"binary-expr","locations":[{"start":{"line":116,"column":10},"end":{"line":116,"column":22}},{"start":{"line":116,"column":26},"end":{"line":116,"column":30}}]}},"s":{"0":0,"1":0,"2":0,"3":0,"4":0,"5":0,"6":0,"7":0,"8":0,"9":0,"10":0,"11":0,"12":0,"13":0,"14":0,"15":0,"16":0,"17":0,"18":0,"19":0,"20":0,"21":0,"22":0,"23":0,"24":0,"25":0,"26":0,"27":0,"28":0,"29":0,"30":0,"31":0,"32":0,"33":0,"34":0,"35":0,"36":0,"37":0},"f":{"0":0,"1":0,"2":0,"3":0,"4":0,"5":0,"6":0,"7":0},"b":{"0":[0],"1":[0,0],"2":[0,0],"3":[0,0],"4":[0,0]}}
,"/Users/danielbushman/Quickbase-MCP-connector/src/tools/base.ts": {"path":"/Users/danielbushman/Quickbase-MCP-connector/src/tools/base.ts","statementMap":{"0":{"start":{"line":4,"column":0},"end":{"line":4,"column":47}},"1":{"start":{"line":5,"column":0},"end":{"line":5,"column":53}},"2":{"start":{"line":7,"column":15},"end":{"line":7,"column":39}},"3":{"start":{"line":38,"column":4},"end":{"line":38,"column":25}},"4":{"start":{"line":47,"column":4},"end":{"line":47,"column":72}},"5":{"start":{"line":56,"column":4},"end":{"line":88,"column":5}},"6":{"start":{"line":57,"column":6},"end":{"line":57,"column":63}},"7":{"start":{"line":60,"column":30},"end":{"line":60,"column":57}},"8":{"start":{"line":63,"column":21},"end":{"line":63,"column":52}},"9":{"start":{"line":65,"column":6},"end":{"line":65,"column":74}},"10":{"start":{"line":67,"column":6},"end":{"line":70,"column":8}},"11":{"start":{"line":72,"column":27},"end":{"line":72,"column":83}},"12":{"start":{"line":73,"column":24},"end":{"line":73,"column":76}},"13":{"start":{"line":75,"column":6},"end":{"line":79,"column":9}},"14":{"start":{"line":81,"column":6},"end":{"line":87,"column":8}},"15":{"start":{"line":12,"column":0},"end":{"line":12,"column":22}}},"fnMap":{"0":{"name":"(anonymous_0)","decl":{"start":{"line":37,"column":2},"end":{"line":37,"column":14}},"loc":{"start":{"line":37,"column":37},"end":{"line":39,"column":3}}},"1":{"name":"(anonymous_1)","decl":{"start":{"line":46,"column":12},"end":{"line":46,"column":26}},"loc":{"start":{"line":46,"column":42},"end":{"line":48,"column":3}}},"2":{"name":"(anonymous_2)","decl":{"start":{"line":55,"column":9},"end":{"line":55,"column":14}},"loc":{"start":{"line":55,"column":38},"end":{"line":89,"column":3}}}},"branchMap":{"0":{"loc":{"start":{"line":72,"column":27},"end":{"line":72,"column":83}},"type":"cond-expr","locations":[{"start":{"line":72,"column":52},"end":{"line":72,"column":65}},{"start":{"line":72,"column":68},"end":{"line":72,"column":83}}]},"1":{"loc":{"start":{"line":73,"column":24},"end":{"line":73,"column":76}},"type":"cond-expr","locations":[{"start":{"line":73,"column":49},"end":{"line":73,"column":59}},{"start":{"line":73,"column":62},"end":{"line":73,"column":76}}]},"2":{"loc":{"start":{"line":78,"column":15},"end":{"line":78,"column":63}},"type":"cond-expr","locations":[{"start":{"line":78,"column":40},"end":{"line":78,"column":51}},{"start":{"line":78,"column":54},"end":{"line":78,"column":63}}]}},"s":{"0":5,"1":5,"2":5,"3":537,"4":11,"5":10,"6":10,"7":10,"8":10,"9":6,"10":6,"11":4,"12":4,"13":4,"14":4,"15":5},"f":{"0":537,"1":11,"2":10},"b":{"0":[4,0],"1":[4,0],"2":[4,0]}}
,"/Users/danielbushman/Quickbase-MCP-connector/src/tools/configure_cache.ts": {"path":"/Users/danielbushman/Quickbase-MCP-connector/src/tools/configure_cache.ts","statementMap":{"0":{"start":{"line":1,"column":0},"end":{"line":1,"column":34}},"1":{"start":{"line":4,"column":0},"end":{"line":4,"column":47}},"2":{"start":{"line":6,"column":15},"end":{"line":6,"column":49}},"3":{"start":{"line":88,"column":4},"end":{"line":88,"column":18}},"4":{"start":{"line":52,"column":9},"end":{"line":52,"column":34}},"5":{"start":{"line":53,"column":9},"end":{"line":53,"column":78}},"6":{"start":{"line":58,"column":9},"end":{"line":75,"column":4}},"7":{"start":{"line":89,"column":4},"end":{"line":89,"column":37}},"8":{"start":{"line":98,"column":4},"end":{"line":98,"column":45}},"9":{"start":{"line":100,"column":41},"end":{"line":103,"column":6}},"10":{"start":{"line":106,"column":4},"end":{"line":110,"column":5}},"11":{"start":{"line":107,"column":6},"end":{"line":107,"column":32}},"12":{"start":{"line":108,"column":6},"end":{"line":108,"column":33}},"13":{"start":{"line":109,"column":6},"end":{"line":109,"column":35}},"14":{"start":{"line":113,"column":4},"end":{"line":117,"column":5}},"15":{"start":{"line":114,"column":6},"end":{"line":114,"column":51}},"16":{"start":{"line":115,"column":6},"end":{"line":115,"column":43}},"17":{"start":{"line":116,"column":6},"end":{"line":116,"column":70}},"18":{"start":{"line":120,"column":4},"end":{"line":125,"column":5}},"19":{"start":{"line":123,"column":6},"end":{"line":123,"column":60}},"20":{"start":{"line":124,"column":6},"end":{"line":124,"column":35}},"21":{"start":{"line":127,"column":4},"end":{"line":127,"column":18}},"22":{"start":{"line":51,"column":0},"end":{"line":51,"column":13}}},"fnMap":{"0":{"name":"(anonymous_0)","decl":{"start":{"line":87,"column":2},"end":{"line":87,"column":14}},"loc":{"start":{"line":87,"column":65},"end":{"line":90,"column":3}}},"1":{"name":"(anonymous_1)","decl":{"start":{"line":97,"column":12},"end":{"line":97,"column":17}},"loc":{"start":{"line":97,"column":50},"end":{"line":128,"column":3}}}},"branchMap":{"0":{"loc":{"start":{"line":106,"column":4},"end":{"line":110,"column":5}},"type":"if","locations":[{"start":{"line":106,"column":4},"end":{"line":110,"column":5}}]},"1":{"loc":{"start":{"line":113,"column":4},"end":{"line":117,"column":5}},"type":"if","locations":[{"start":{"line":113,"column":4},"end":{"line":117,"column":5}}]},"2":{"loc":{"start":{"line":116,"column":27},"end":{"line":116,"column":66}},"type":"cond-expr","locations":[{"start":{"line":116,"column":44},"end":{"line":116,"column":53}},{"start":{"line":116,"column":56},"end":{"line":116,"column":66}}]},"3":{"loc":{"start":{"line":120,"column":4},"end":{"line":125,"column":5}},"type":"if","locations":[{"start":{"line":120,"column":4},"end":{"line":125,"column":5}}]},"4":{"loc":{"start":{"line":120,"column":8},"end":{"line":120,"column":50}},"type":"binary-expr","locations":[{"start":{"line":120,"column":8},"end":{"line":120,"column":32}},{"start":{"line":120,"column":36},"end":{"line":120,"column":50}}]}},"s":{"0":3,"1":3,"2":3,"3":29,"4":29,"5":29,"6":29,"7":29,"8":0,"9":0,"10":0,"11":0,"12":0,"13":0,"14":0,"15":0,"16":0,"17":0,"18":0,"19":0,"20":0,"21":0,"22":3},"f":{"0":29,"1":0},"b":{"0":[0],"1":[0],"2":[0,0],"3":[0],"4":[0,0]}}
,"/Users/danielbushman/Quickbase-MCP-connector/src/tools/index.ts": {"path":"/Users/danielbushman/Quickbase-MCP-connector/src/tools/index.ts","statementMap":{"0":{"start":{"line":21,"column":0},"end":{"line":21,"column":16}},"1":{"start":{"line":3,"column":0},"end":{"line":3,"column":42}},"2":{"start":{"line":4,"column":0},"end":{"line":4,"column":55}},"3":{"start":{"line":5,"column":0},"end":{"line":5,"column":55}},"4":{"start":{"line":6,"column":0},"end":{"line":6,"column":42}},"5":{"start":{"line":7,"column":0},"end":{"line":7,"column":46}},"6":{"start":{"line":8,"column":0},"end":{"line":8,"column":46}},"7":{"start":{"line":9,"column":0},"end":{"line":9,"column":48}},"8":{"start":{"line":10,"column":0},"end":{"line":10,"column":44}},"9":{"start":{"line":11,"column":0},"end":{"line":11,"column":48}},"10":{"start":{"line":12,"column":0},"end":{"line":12,"column":47}},"11":{"start":{"line":14,"column":15},"end":{"line":14,"column":40}},"12":{"start":{"line":25,"column":2},"end":{"line":25,"column":40}},"13":{"start":{"line":28,"column":2},"end":{"line":28,"column":60}},"14":{"start":{"line":29,"column":2},"end":{"line":29,"column":74}},"15":{"start":{"line":32,"column":2},"end":{"line":32,"column":27}},"16":{"start":{"line":35,"column":2},"end":{"line":35,"column":29}},"17":{"start":{"line":38,"column":2},"end":{"line":38,"column":29}},"18":{"start":{"line":41,"column":2},"end":{"line":41,"column":30}},"19":{"start":{"line":44,"column":2},"end":{"line":44,"column":28}},"20":{"start":{"line":47,"column":2},"end":{"line":47,"column":30}},"21":{"start":{"line":51,"column":2},"end":{"line":51,"column":65}},"22":{"start":{"line":55,"column":0},"end":{"line":55,"column":27}},"23":{"start":{"line":56,"column":0},"end":{"line":56,"column":23}},"24":{"start":{"line":57,"column":0},"end":{"line":57,"column":34}},"25":{"start":{"line":58,"column":0},"end":{"line":58,"column":34}},"26":{"start":{"line":59,"column":0},"end":{"line":59,"column":23}},"27":{"start":{"line":60,"column":0},"end":{"line":60,"column":25}},"28":{"start":{"line":61,"column":0},"end":{"line":61,"column":25}},"29":{"start":{"line":62,"column":0},"end":{"line":62,"column":26}},"30":{"start":{"line":63,"column":0},"end":{"line":63,"column":24}},"31":{"start":{"line":64,"column":0},"end":{"line":64,"column":26}}},"fnMap":{"0":{"name":"initializeTools","decl":{"start":{"line":21,"column":16},"end":{"line":21,"column":31}},"loc":{"start":{"line":23,"column":28},"end":{"line":52,"column":1}}}},"branchMap":{},"s":{"0":3,"1":3,"2":3,"3":3,"4":3,"5":3,"6":3,"7":3,"8":3,"9":3,"10":3,"11":3,"12":29,"13":29,"14":29,"15":29,"16":29,"17":29,"18":29,"19":29,"20":29,"21":29,"22":3,"23":3,"24":3,"25":3,"26":3,"27":3,"28":3,"29":3,"30":3,"31":3},"f":{"0":29},"b":{}}
,"/Users/danielbushman/Quickbase-MCP-connector/src/tools/registry.ts": {"path":"/Users/danielbushman/Quickbase-MCP-connector/src/tools/registry.ts","statementMap":{"0":{"start":{"line":2,"column":0},"end":{"line":2,"column":47}},"1":{"start":{"line":4,"column":15},"end":{"line":4,"column":43}},"2":{"start":{"line":11,"column":10},"end":{"line":11,"column":60}},"3":{"start":{"line":19,"column":4},"end":{"line":19,"column":32}},"4":{"start":{"line":27,"column":4},"end":{"line":29,"column":5}},"5":{"start":{"line":28,"column":6},"end":{"line":28,"column":77}},"6":{"start":{"line":31,"column":4},"end":{"line":31,"column":36}},"7":{"start":{"line":32,"column":4},"end":{"line":32,"column":49}},"8":{"start":{"line":40,"column":4},"end":{"line":40,"column":43}},"9":{"start":{"line":48,"column":4},"end":{"line":48,"column":41}},"10":{"start":{"line":57,"column":4},"end":{"line":57,"column":32}},"11":{"start":{"line":65,"column":4},"end":{"line":65,"column":27}},"12":{"start":{"line":10,"column":0},"end":{"line":10,"column":13}},"13":{"start":{"line":70,"column":13},"end":{"line":70,"column":51}}},"fnMap":{"0":{"name":"(anonymous_0)","decl":{"start":{"line":10,"column":0},"end":{"line":10,"column":13}},"loc":{"start":{"line":10,"column":0},"end":{"line":67,"column":1}}},"1":{"name":"(anonymous_1)","decl":{"start":{"line":18,"column":9},"end":{"line":18,"column":16}},"loc":{"start":{"line":18,"column":29},"end":{"line":20,"column":3}}},"2":{"name":"(anonymous_2)","decl":{"start":{"line":26,"column":9},"end":{"line":26,"column":21}},"loc":{"start":{"line":26,"column":71},"end":{"line":33,"column":3}}},"3":{"name":"(anonymous_3)","decl":{"start":{"line":39,"column":9},"end":{"line":39,"column":20}},"loc":{"start":{"line":39,"column":20},"end":{"line":41,"column":3}}},"4":{"name":"(anonymous_4)","decl":{"start":{"line":47,"column":9},"end":{"line":47,"column":21}},"loc":{"start":{"line":47,"column":21},"end":{"line":49,"column":3}}},"5":{"name":"(anonymous_5)","decl":{"start":{"line":56,"column":9},"end":{"line":56,"column":16}},"loc":{"start":{"line":56,"column":29},"end":{"line":58,"column":3}}},"6":{"name":"(anonymous_6)","decl":{"start":{"line":64,"column":9},"end":{"line":64,"column":21}},"loc":{"start":{"line":64,"column":21},"end":{"line":66,"column":3}}}},"branchMap":{"0":{"loc":{"start":{"line":27,"column":4},"end":{"line":29,"column":5}},"type":"if","locations":[{"start":{"line":27,"column":4},"end":{"line":29,"column":5}}]}},"s":{"0":4,"1":4,"2":4,"3":23,"4":522,"5":0,"6":522,"7":522,"8":1,"9":1,"10":0,"11":34,"12":4,"13":4},"f":{"0":4,"1":23,"2":522,"3":1,"4":1,"5":0,"6":34},"b":{"0":[0]}}
,"/Users/danielbushman/Quickbase-MCP-connector/src/tools/test_connection.ts": {"path":"/Users/danielbushman/Quickbase-MCP-connector/src/tools/test_connection.ts","statementMap":{"0":{"start":{"line":1,"column":0},"end":{"line":1,"column":34}},"1":{"start":{"line":3,"column":0},"end":{"line":3,"column":47}},"2":{"start":{"line":5,"column":15},"end":{"line":5,"column":49}},"3":{"start":{"line":54,"column":4},"end":{"line":54,"column":18}},"4":{"start":{"line":37,"column":9},"end":{"line":37,"column":34}},"5":{"start":{"line":38,"column":9},"end":{"line":38,"column":59}},"6":{"start":{"line":43,"column":9},"end":{"line":47,"column":4}},"7":{"start":{"line":63,"column":4},"end":{"line":63,"column":51}},"8":{"start":{"line":66,"column":21},"end":{"line":69,"column":6}},"9":{"start":{"line":71,"column":4},"end":{"line":74,"column":5}},"10":{"start":{"line":72,"column":6},"end":{"line":72,"column":72}},"11":{"start":{"line":73,"column":6},"end":{"line":73,"column":83}},"12":{"start":{"line":76,"column":21},"end":{"line":76,"column":61}},"13":{"start":{"line":77,"column":4},"end":{"line":77,"column":46}},"14":{"start":{"line":79,"column":4},"end":{"line":90,"column":6}},"15":{"start":{"line":36,"column":0},"end":{"line":36,"column":13}}},"fnMap":{"0":{"name":"(anonymous_0)","decl":{"start":{"line":53,"column":2},"end":{"line":53,"column":14}},"loc":{"start":{"line":53,"column":37},"end":{"line":55,"column":3}}},"1":{"name":"(anonymous_1)","decl":{"start":{"line":62,"column":12},"end":{"line":62,"column":17}},"loc":{"start":{"line":62,"column":51},"end":{"line":91,"column":3}}}},"branchMap":{"0":{"loc":{"start":{"line":71,"column":4},"end":{"line":74,"column":5}},"type":"if","locations":[{"start":{"line":71,"column":4},"end":{"line":74,"column":5}}]},"1":{"loc":{"start":{"line":73,"column":22},"end":{"line":73,"column":81}},"type":"binary-expr","locations":[{"start":{"line":73,"column":22},"end":{"line":73,"column":45}},{"start":{"line":73,"column":49},"end":{"line":73,"column":81}}]},"2":{"loc":{"start":{"line":88,"column":13},"end":{"line":88,"column":42}},"type":"binary-expr","locations":[{"start":{"line":88,"column":13},"end":{"line":88,"column":36}},{"start":{"line":88,"column":40},"end":{"line":88,"column":42}}]}},"s":{"0":4,"1":4,"2":4,"3":36,"4":36,"5":36,"6":36,"7":5,"8":5,"9":4,"10":0,"11":0,"12":3,"13":3,"14":3,"15":4},"f":{"0":36,"1":5},"b":{"0":[0],"1":[0,0],"2":[3,1]}}
,"/Users/danielbushman/Quickbase-MCP-connector/src/tools/apps/create_app.ts": {"path":"/Users/danielbushman/Quickbase-MCP-connector/src/tools/apps/create_app.ts","statementMap":{"0":{"start":{"line":1,"column":0},"end":{"line":1,"column":35}},"1":{"start":{"line":3,"column":0},"end":{"line":3,"column":50}},"2":{"start":{"line":5,"column":15},"end":{"line":5,"column":44}},"3":{"start":{"line":96,"column":4},"end":{"line":96,"column":18}},"4":{"start":{"line":66,"column":9},"end":{"line":66,"column":29}},"5":{"start":{"line":67,"column":9},"end":{"line":67,"column":132}},"6":{"start":{"line":72,"column":9},"end":{"line":89,"column":4}},"7":{"start":{"line":105,"column":4},"end":{"line":105,"column":77}},"8":{"start":{"line":107,"column":43},"end":{"line":107,"column":49}},"9":{"start":{"line":110,"column":38},"end":{"line":113,"column":6}},"10":{"start":{"line":116,"column":4},"end":{"line":118,"column":5}},"11":{"start":{"line":117,"column":6},"end":{"line":117,"column":35}},"12":{"start":{"line":121,"column":21},"end":{"line":125,"column":6}},"13":{"start":{"line":127,"column":4},"end":{"line":133,"column":5}},"14":{"start":{"line":128,"column":6},"end":{"line":131,"column":9}},"15":{"start":{"line":132,"column":6},"end":{"line":132,"column":81}},"16":{"start":{"line":135,"column":16},"end":{"line":135,"column":52}},"17":{"start":{"line":137,"column":4},"end":{"line":140,"column":7}},"18":{"start":{"line":142,"column":4},"end":{"line":149,"column":6}},"19":{"start":{"line":65,"column":0},"end":{"line":65,"column":13}}},"fnMap":{"0":{"name":"(anonymous_0)","decl":{"start":{"line":95,"column":2},"end":{"line":95,"column":14}},"loc":{"start":{"line":95,"column":37},"end":{"line":97,"column":3}}},"1":{"name":"(anonymous_1)","decl":{"start":{"line":104,"column":12},"end":{"line":104,"column":17}},"loc":{"start":{"line":104,"column":45},"end":{"line":150,"column":3}}}},"branchMap":{"0":{"loc":{"start":{"line":112,"column":19},"end":{"line":112,"column":36}},"type":"binary-expr","locations":[{"start":{"line":112,"column":19},"end":{"line":112,"column":30}},{"start":{"line":112,"column":34},"end":{"line":112,"column":36}}]},"1":{"loc":{"start":{"line":116,"column":4},"end":{"line":118,"column":5}},"type":"if","locations":[{"start":{"line":116,"column":4},"end":{"line":118,"column":5}}]},"2":{"loc":{"start":{"line":127,"column":4},"end":{"line":133,"column":5}},"type":"if","locations":[{"start":{"line":127,"column":4},"end":{"line":133,"column":5}}]},"3":{"loc":{"start":{"line":127,"column":8},"end":{"line":127,"column":43}},"type":"binary-expr","locations":[{"start":{"line":127,"column":8},"end":{"line":127,"column":25}},{"start":{"line":127,"column":29},"end":{"line":127,"column":43}}]},"4":{"loc":{"start":{"line":132,"column":22},"end":{"line":132,"column":79}},"type":"binary-expr","locations":[{"start":{"line":132,"column":22},"end":{"line":132,"column":45}},{"start":{"line":132,"column":49},"end":{"line":132,"column":79}}]}},"s":{"0":3,"1":3,"2":3,"3":29,"4":29,"5":29,"6":29,"7":0,"8":0,"9":0,"10":0,"11":0,"12":0,"13":0,"14":0,"15":0,"16":0,"17":0,"18":0,"19":3},"f":{"0":29,"1":0},"b":{"0":[0,0],"1":[0],"2":[0],"3":[0,0],"4":[0,0]}}
,"/Users/danielbushman/Quickbase-MCP-connector/src/tools/apps/index.ts": {"path":"/Users/danielbushman/Quickbase-MCP-connector/src/tools/apps/index.ts","statementMap":{"0":{"start":{"line":14,"column":0},"end":{"line":14,"column":16}},"1":{"start":{"line":2,"column":0},"end":{"line":2,"column":43}},"2":{"start":{"line":3,"column":0},"end":{"line":3,"column":45}},"3":{"start":{"line":4,"column":0},"end":{"line":4,"column":45}},"4":{"start":{"line":5,"column":0},"end":{"line":5,"column":47}},"5":{"start":{"line":6,"column":0},"end":{"line":6,"column":50}},"6":{"start":{"line":8,"column":15},"end":{"line":8,"column":39}},"7":{"start":{"line":15,"column":2},"end":{"line":15,"column":50}},"8":{"start":{"line":18,"column":2},"end":{"line":18,"column":55}},"9":{"start":{"line":19,"column":2},"end":{"line":19,"column":55}},"10":{"start":{"line":20,"column":2},"end":{"line":20,"column":56}},"11":{"start":{"line":22,"column":2},"end":{"line":22,"column":49}},"12":{"start":{"line":26,"column":0},"end":{"line":26,"column":29}},"13":{"start":{"line":27,"column":0},"end":{"line":27,"column":29}},"14":{"start":{"line":28,"column":0},"end":{"line":28,"column":30}}},"fnMap":{"0":{"name":"registerAppTools","decl":{"start":{"line":14,"column":16},"end":{"line":14,"column":32}},"loc":{"start":{"line":14,"column":56},"end":{"line":23,"column":1}}}},"branchMap":{},"s":{"0":3,"1":3,"2":3,"3":3,"4":3,"5":3,"6":3,"7":29,"8":29,"9":29,"10":29,"11":29,"12":3,"13":3,"14":3},"f":{"0":29},"b":{}}
,"/Users/danielbushman/Quickbase-MCP-connector/src/tools/apps/list_tables.ts": {"path":"/Users/danielbushman/Quickbase-MCP-connector/src/tools/apps/list_tables.ts","statementMap":{"0":{"start":{"line":1,"column":0},"end":{"line":1,"column":35}},"1":{"start":{"line":3,"column":0},"end":{"line":3,"column":50}},"2":{"start":{"line":5,"column":15},"end":{"line":5,"column":45}},"3":{"start":{"line":121,"column":4},"end":{"line":121,"column":18}},"4":{"start":{"line":91,"column":9},"end":{"line":91,"column":30}},"5":{"start":{"line":92,"column":9},"end":{"line":92,"column":71}},"6":{"start":{"line":97,"column":9},"end":{"line":114,"column":4}},"7":{"start":{"line":130,"column":47},"end":{"line":130,"column":53}},"8":{"start":{"line":133,"column":18},"end":{"line":133,"column":57}},"9":{"start":{"line":135,"column":4},"end":{"line":137,"column":5}},"10":{"start":{"line":136,"column":6},"end":{"line":136,"column":100}},"11":{"start":{"line":139,"column":4},"end":{"line":142,"column":7}},"12":{"start":{"line":145,"column":48},"end":{"line":145,"column":50}},"13":{"start":{"line":147,"column":4},"end":{"line":149,"column":5}},"14":{"start":{"line":148,"column":6},"end":{"line":148,"column":60}},"15":{"start":{"line":152,"column":21},"end":{"line":156,"column":6}},"16":{"start":{"line":158,"column":4},"end":{"line":164,"column":5}},"17":{"start":{"line":159,"column":6},"end":{"line":162,"column":9}},"18":{"start":{"line":163,"column":6},"end":{"line":163,"column":74}},"19":{"start":{"line":167,"column":18},"end":{"line":176,"column":7}},"20":{"start":{"line":167,"column":72},"end":{"line":176,"column":6}},"21":{"start":{"line":179,"column":4},"end":{"line":185,"column":5}},"22":{"start":{"line":180,"column":26},"end":{"line":180,"column":46}},"23":{"start":{"line":181,"column":6},"end":{"line":184,"column":8}},"24":{"start":{"line":182,"column":8},"end":{"line":183,"column":84}},"25":{"start":{"line":187,"column":4},"end":{"line":187,"column":75}},"26":{"start":{"line":189,"column":4},"end":{"line":192,"column":6}},"27":{"start":{"line":90,"column":0},"end":{"line":90,"column":13}}},"fnMap":{"0":{"name":"(anonymous_0)","decl":{"start":{"line":120,"column":2},"end":{"line":120,"column":14}},"loc":{"start":{"line":120,"column":37},"end":{"line":122,"column":3}}},"1":{"name":"(anonymous_1)","decl":{"start":{"line":129,"column":12},"end":{"line":129,"column":17}},"loc":{"start":{"line":129,"column":46},"end":{"line":193,"column":3}}},"2":{"name":"(anonymous_2)","decl":{"start":{"line":167,"column":62},"end":{"line":167,"column":67}},"loc":{"start":{"line":167,"column":72},"end":{"line":176,"column":6}}},"3":{"name":"(anonymous_3)","decl":{"start":{"line":181,"column":29},"end":{"line":181,"column":34}},"loc":{"start":{"line":182,"column":8},"end":{"line":183,"column":84}}}},"branchMap":{"0":{"loc":{"start":{"line":133,"column":18},"end":{"line":133,"column":57}},"type":"binary-expr","locations":[{"start":{"line":133,"column":18},"end":{"line":133,"column":24}},{"start":{"line":133,"column":28},"end":{"line":133,"column":57}}]},"1":{"loc":{"start":{"line":135,"column":4},"end":{"line":137,"column":5}},"type":"if","locations":[{"start":{"line":135,"column":4},"end":{"line":137,"column":5}}]},"2":{"loc":{"start":{"line":147,"column":4},"end":{"line":149,"column":5}},"type":"if","locations":[{"start":{"line":147,"column":4},"end":{"line":149,"column":5}}]},"3":{"loc":{"start":{"line":158,"column":4},"end":{"line":164,"column":5}},"type":"if","locations":[{"start":{"line":158,"column":4},"end":{"line":164,"column":5}}]},"4":{"loc":{"start":{"line":158,"column":8},"end":{"line":158,"column":43}},"type":"binary-expr","locations":[{"start":{"line":158,"column":8},"end":{"line":158,"column":25}},{"start":{"line":158,"column":29},"end":{"line":158,"column":43}}]},"5":{"loc":{"start":{"line":163,"column":22},"end":{"line":163,"column":72}},"type":"binary-expr","locations":[{"start":{"line":163,"column":22},"end":{"line":163,"column":45}},{"start":{"line":163,"column":49},"end":{"line":163,"column":72}}]},"6":{"loc":{"start":{"line":179,"column":4},"end":{"line":185,"column":5}},"type":"if","locations":[{"start":{"line":179,"column":4},"end":{"line":185,"column":5}}]},"7":{"loc":{"start":{"line":179,"column":8},"end":{"line":179,"column":38}},"type":"binary-expr","locations":[{"start":{"line":179,"column":8},"end":{"line":179,"column":14}},{"start":{"line":179,"column":18},"end":{"line":179,"column":38}}]},"8":{"loc":{"start":{"line":182,"column":8},"end":{"line":183,"column":84}},"type":"binary-expr","locations":[{"start":{"line":182,"column":8},"end":{"line":182,"column":54}},{"start":{"line":183,"column":9},"end":{"line":183,"column":26}},{"start":{"line":183,"column":30},"end":{"line":183,"column":83}}]}},"s":{"0":3,"1":3,"2":3,"3":29,"4":29,"5":29,"6":29,"7":0,"8":0,"9":0,"10":0,"11":0,"12":0,"13":0,"14":0,"15":0,"16":0,"17":0,"18":0,"19":0,"20":0,"21":0,"22":0,"23":0,"24":0,"25":0,"26":0,"27":3},"f":{"0":29,"1":0,"2":0,"3":0},"b":{"0":[0,0],"1":[0],"2":[0],"3":[0],"4":[0,0],"5":[0,0],"6":[0],"7":[0,0],"8":[0,0,0]}}
,"/Users/danielbushman/Quickbase-MCP-connector/src/tools/apps/update_app.ts": {"path":"/Users/danielbushman/Quickbase-MCP-connector/src/tools/apps/update_app.ts","statementMap":{"0":{"start":{"line":1,"column":0},"end":{"line":1,"column":35}},"1":{"start":{"line":3,"column":0},"end":{"line":3,"column":50}},"2":{"start":{"line":5,"column":15},"end":{"line":5,"column":44}},"3":{"start":{"line":100,"column":4},"end":{"line":100,"column":18}},"4":{"start":{"line":66,"column":9},"end":{"line":66,"column":29}},"5":{"start":{"line":67,"column":9},"end":{"line":67,"column":67}},"6":{"start":{"line":72,"column":9},"end":{"line":93,"column":4}},"7":{"start":{"line":109,"column":4},"end":{"line":111,"column":7}},"8":{"start":{"line":113,"column":51},"end":{"line":113,"column":57}},"9":{"start":{"line":116,"column":4},"end":{"line":118,"column":5}},"10":{"start":{"line":117,"column":6},"end":{"line":117,"column":95}},"11":{"start":{"line":121,"column":38},"end":{"line":121,"column":40}},"12":{"start":{"line":123,"column":4},"end":{"line":125,"column":5}},"13":{"start":{"line":124,"column":6},"end":{"line":124,"column":23}},"14":{"start":{"line":127,"column":4},"end":{"line":129,"column":5}},"15":{"start":{"line":128,"column":6},"end":{"line":128,"column":37}},"16":{"start":{"line":132,"column":4},"end":{"line":134,"column":5}},"17":{"start":{"line":133,"column":6},"end":{"line":133,"column":35}},"18":{"start":{"line":137,"column":21},"end":{"line":141,"column":6}},"19":{"start":{"line":143,"column":4},"end":{"line":149,"column":5}},"20":{"start":{"line":144,"column":6},"end":{"line":147,"column":9}},"21":{"start":{"line":148,"column":6},"end":{"line":148,"column":81}},"22":{"start":{"line":151,"column":16},"end":{"line":151,"column":52}},"23":{"start":{"line":153,"column":4},"end":{"line":156,"column":7}},"24":{"start":{"line":158,"column":4},"end":{"line":164,"column":6}},"25":{"start":{"line":65,"column":0},"end":{"line":65,"column":13}}},"fnMap":{"0":{"name":"(anonymous_0)","decl":{"start":{"line":99,"column":2},"end":{"line":99,"column":14}},"loc":{"start":{"line":99,"column":37},"end":{"line":101,"column":3}}},"1":{"name":"(anonymous_1)","decl":{"start":{"line":108,"column":12},"end":{"line":108,"column":17}},"loc":{"start":{"line":108,"column":45},"end":{"line":165,"column":3}}}},"branchMap":{"0":{"loc":{"start":{"line":116,"column":4},"end":{"line":118,"column":5}},"type":"if","locations":[{"start":{"line":116,"column":4},"end":{"line":118,"column":5}}]},"1":{"loc":{"start":{"line":116,"column":8},"end":{"line":116,"column":80}},"type":"binary-expr","locations":[{"start":{"line":116,"column":8},"end":{"line":116,"column":13}},{"start":{"line":116,"column":17},"end":{"line":116,"column":29}},{"start":{"line":116,"column":34},"end":{"line":116,"column":42}},{"start":{"line":116,"column":46},"end":{"line":116,"column":79}}]},"2":{"loc":{"start":{"line":123,"column":4},"end":{"line":125,"column":5}},"type":"if","locations":[{"start":{"line":123,"column":4},"end":{"line":125,"column":5}}]},"3":{"loc":{"start":{"line":127,"column":4},"end":{"line":129,"column":5}},"type":"if","locations":[{"start":{"line":127,"column":4},"end":{"line":129,"column":5}}]},"4":{"loc":{"start":{"line":132,"column":4},"end":{"line":134,"column":5}},"type":"if","locations":[{"start":{"line":132,"column":4},"end":{"line":134,"column":5}}]},"5":{"loc":{"start":{"line":143,"column":4},"end":{"line":149,"column":5}},"type":"if","locations":[{"start":{"line":143,"column":4},"end":{"line":149,"column":5}}]},"6
[...]
umn":8},"end":{"line":48,"column":33}},{"start":{"line":48,"column":37},"end":{"line":48,"column":51}},{"start":{"line":48,"column":55},"end":{"line":48,"column":72}}]},"3":{"loc":{"start":{"line":51,"column":13},"end":{"line":53,"column":64}},"type":"binary-expr","locations":[{"start":{"line":51,"column":13},"end":{"line":51,"column":37}},{"start":{"line":52,"column":13},"end":{"line":52,"column":37}},{"start":{"line":53,"column":14},"end":{"line":53,"column":37}},{"start":{"line":53,"column":41},"end":{"line":53,"column":63}}]},"4":{"loc":{"start":{"line":57,"column":4},"end":{"line":61,"column":5}},"type":"if","locations":[{"start":{"line":57,"column":4},"end":{"line":61,"column":5}}]},"5":{"loc":{"start":{"line":58,"column":13},"end":{"line":60,"column":49}},"type":"binary-expr","locations":[{"start":{"line":58,"column":13},"end":{"line":58,"column":46}},{"start":{"line":59,"column":13},"end":{"line":59,"column":46}},{"start":{"line":60,"column":13},"end":{"line":60,"column":49}}]},"6":{"loc":{"start":{"line":74,"column":21},"end":{"line":74,"column":38}},"type":"default-arg","locations":[{"start":{"line":74,"column":37},"end":{"line":74,"column":38}}]},"7":{"loc":{"start":{"line":74,"column":40},"end":{"line":74,"column":56}},"type":"default-arg","locations":[{"start":{"line":74,"column":51},"end":{"line":74,"column":56}}]},"8":{"loc":{"start":{"line":93,"column":2},"end":{"line":93,"column":37}},"type":"default-arg","locations":[{"start":{"line":93,"column":35},"end":{"line":93,"column":37}}]},"9":{"loc":{"start":{"line":102,"column":8},"end":{"line":104,"column":9}},"type":"if","locations":[{"start":{"line":102,"column":8},"end":{"line":104,"column":9}}]},"10":{"loc":{"start":{"line":110,"column":28},"end":{"line":112,"column":58}},"type":"binary-expr","locations":[{"start":{"line":110,"column":28},"end":{"line":110,"column":60}},{"start":{"line":111,"column":28},"end":{"line":111,"column":51}},{"start":{"line":112,"column":28},"end":{"line":112,"column":58}}]},"11":{"loc":{"start":{"line":114,"column":8},"end":{"line":117,"column":9}},"type":"if","locations":[{"start":{"line":114,"column":8},"end":{"line":117,"column":9}}]}},"s":{"0":6,"1":6,"2":6,"3":6,"4":6,"5":0,"6":0,"7":0,"8":0,"9":0,"10":0,"11":0,"12":0,"13":0,"14":0,"15":0,"16":0,"17":0,"18":0,"19":0,"20":0,"21":0,"22":0,"23":0,"24":0,"25":0,"26":0,"27":0,"28":0,"29":0,"30":0,"31":0,"32":0,"33":0,"34":0,"35":0},"f":{"0":0,"1":0,"2":0,"3":0,"4":0},"b":{"0":[0],"1":[0],"2":[0,0,0],"3":[0,0,0,0],"4":[0],"5":[0,0,0],"6":[0],"7":[0],"8":[0],"9":[0],"10":[0,0,0],"11":[0]}}
,"/Users/danielbushman/Quickbase-MCP-connector/src/utils/validation.ts": {"path":"/Users/danielbushman/Quickbase-MCP-connector/src/utils/validation.ts","statementMap":{"0":{"start":{"line":140,"column":0},"end":{"line":140,"column":16}},"1":{"start":{"line":177,"column":0},"end":{"line":177,"column":16}},"2":{"start":{"line":216,"column":0},"end":{"line":216,"column":16}},"3":{"start":{"line":1,"column":0},"end":{"line":1,"column":24}},"4":{"start":{"line":2,"column":0},"end":{"line":2,"column":40}},"5":{"start":{"line":4,"column":15},"end":{"line":4,"column":41}},"6":{"start":{"line":18,"column":4},"end":{"line":18,"column":19}},"7":{"start":{"line":12,"column":20},"end":{"line":12,"column":null}},"8":{"start":{"line":19,"column":4},"end":{"line":19,"column":34}},"9":{"start":{"line":9,"column":0},"end":{"line":9,"column":13}},"10":{"start":{"line":27,"column":2},"end":{"line":29,"column":26}},"11":{"start":{"line":40,"column":18},"end":{"line":40,"column":37}},"12":{"start":{"line":41,"column":4},"end":{"line":45,"column":5}},"13":{"start":{"line":43,"column":6},"end":{"line":43,"column":29}},"14":{"start":{"line":44,"column":6},"end":{"line":44,"column":33}},"15":{"start":{"line":46,"column":4},"end":{"line":46,"column":17}},"16":{"start":{"line":51,"column":4},"end":{"line":53,"column":5}},"17":{"start":{"line":52,"column":6},"end":{"line":52,"column":29}},"18":{"start":{"line":56,"column":4},"end":{"line":63,"column":5}},"19":{"start":{"line":57,"column":23},"end":{"line":57,"column":53}},"20":{"start":{"line":58,"column":6},"end":{"line":62,"column":7}},"21":{"start":{"line":59,"column":8},"end":{"line":59,"column":36}},"22":{"start":{"line":61,"column":8},"end":{"line":61,"column":14}},"23":{"start":{"line":65,"column":4},"end":{"line":65,"column":32}},"24":{"start":{"line":69,"column":4},"end":{"line":69,"column":23}},"25":{"start":{"line":73,"column":4},"end":{"line":73,"column":61}},"26":{"start":{"line":36,"column":17},"end":{"line":36,"column":56}},"27":{"start":{"line":37,"column":26},"end":{"line":37,"column":41}},"28":{"start":{"line":81,"column":2},"end":{"line":84,"column":3}},"29":{"start":{"line":82,"column":4},"end":{"line":82,"column":76}},"30":{"start":{"line":83,"column":4},"end":{"line":83,"column":23}},"31":{"start":{"line":86,"column":52},"end":{"line":86,"column":56}},"32":{"start":{"line":89,"column":2},"end":{"line":98,"column":3}},"33":{"start":{"line":90,"column":4},"end":{"line":92,"column":5}},"34":{"start":{"line":90,"column":30},"end":{"line":90,"column":51}},"35":{"start":{"line":91,"column":6},"end":{"line":91,"column":57}},"36":{"start":{"line":93,"column":21},"end":{"line":93,"column":54}},"37":{"start":{"line":93,"column":41},"end":{"line":93,"column":53}},"38":{"start":{"line":94,"column":4},"end":{"line":96,"column":5}},"39":{"start":{"line":95,"column":6},"end":{"line":95,"column":25}},"40":{"start":{"line":97,"column":4},"end":{"line":97,"column":69}},"41":{"start":{"line":101,"column":2},"end":{"line":133,"column":3}},"42":{"start":{"line":103,"column":25},"end":{"line":103,"column":35}},"43":{"start":{"line":104,"column":6},"end":{"line":104,"column":66}},"44":{"start":{"line":104,"column":30},"end":{"line":104,"column":66}},"45":{"start":{"line":105,"column":6},"end":{"line":105,"column":62}},"46":{"start":{"line":105,"column":28},"end":{"line":105,"column":62}},"47":{"start":{"line":106,"column":6},"end":{"line":106,"column":26}},"48":{"start":{"line":110,"column":6},"end":{"line":110,"column":24}},"49":{"start":{"line":113,"column":6},"end":{"line":113,"column":30}},"50":{"start":{"line":116,"column":6},"end":{"line":116,"column":25}},"51":{"start":{"line":119,"column":6},"end":{"line":122,"column":7}},"52":{"start":{"line":120,"column":27},"end":{"line":120,"column":81}},"53":{"start":{"line":121,"column":8},"end":{"line":121,"column":35}},"54":{"start":{"line":123,"column":6},"end":{"line":123,"column":34}},"55":{"start":{"line":128,"column":6},"end":{"line":128,"column":35}},"56":{"start":{"line":131,"column":6},"end":{"line":131,"column":84}},"57":{"start":{"line":132,"column":6},"end":{"line":132,"column":25}},"58":{"start":{"line":141,"column":2},"end":{"line":144,"column":3}},"59":{"start":{"line":142,"column":4},"end":{"line":142,"column":77}},"60":{"start":{"line":143,"column":4},"end":{"line":143,"column":14}},"61":{"start":{"line":146,"column":2},"end":{"line":148,"column":3}},"62":{"start":{"line":147,"column":4},"end":{"line":147,"column":14}},"63":{"start":{"line":150,"column":21},"end":{"line":150,"column":81}},"64":{"start":{"line":151,"column":20},"end":{"line":151,"column":54}},"65":{"start":{"line":152,"column":53},"end":{"line":152,"column":55}},"66":{"start":{"line":154,"column":2},"end":{"line":168,"column":3}},"67":{"start":{"line":155,"column":4},"end":{"line":164,"column":7}},"68":{"start":{"line":156,"column":20},"end":{"line":156,"column":46}},"69":{"start":{"line":159,"column":6},"end":{"line":161,"column":7}},"70":{"start":{"line":160,"column":8},"end":{"line":160,"column":37}},"71":{"start":{"line":163,"column":6},"end":{"line":163,"column":34}},"72":{"start":{"line":166,"column":4},"end":{"line":166,"column":69}},"73":{"start":{"line":167,"column":4},"end":{"line":167,"column":14}},"74":{"start":{"line":170,"column":2},"end":{"line":170,"column":22}},"75":{"start":{"line":178,"column":2},"end":{"line":181,"column":3}},"76":{"start":{"line":179,"column":4},"end":{"line":179,"column":81}},"77":{"start":{"line":180,"column":4},"end":{"line":180,"column":24}},"78":{"start":{"line":184,"column":19},"end":{"line":184,"column":41}},"79":{"start":{"line":187,"column":17},"end":{"line":187,"column":42}},"80":{"start":{"line":188,"column":2},"end":{"line":190,"column":3}},"81":{"start":{"line":189,"column":4},"end":{"line":189,"column":18}},"82":{"start":{"line":194,"column":2},"end":{"line":205,"column":3}},"83":{"start":{"line":195,"column":4},"end":{"line":201,"column":5}},"84":{"start":{"line":196,"column":24},"end":{"line":196,"column":50}},"85":{"start":{"line":197,"column":6},"end":{"line":197,"column":38}},"86":{"start":{"line":200,"column":6},"end":{"line":200,"column":31}},"87":{"start":{"line":203,"column":4},"end":{"line":203,"column":72}},"88":{"start":{"line":204,"column":4},"end":{"line":204,"column":29}},"89":{"start":{"line":208,"column":2},"end":{"line":208,"column":39}},"90":{"start":{"line":210,"column":2},"end":{"line":210,"column":19}},"91":{"start":{"line":221,"column":2},"end":{"line":264,"column":3}},"92":{"start":{"line":222,"column":22},"end":{"line":222,"column":52}},"93":{"start":{"line":224,"column":4},"end":{"line":228,"column":7}},"94":{"start":{"line":230,"column":19},"end":{"line":230,"column":42}},"95":{"start":{"line":232,"column":4},"end":{"line":232,"column":66}},"96":{"start":{"line":234,"column":4},"end":{"line":234,"column":23}},"97":{"start":{"line":236,"column":4},"end":{"line":260,"column":5}},"98":{"start":{"line":237,"column":22},"end":{"line":237,"column":62}},"99":{"start":{"line":238,"column":21},"end":{"line":241,"column":8}},"100":{"start":{"line":239,"column":21},"end":{"line":239,"column":70}},"101":{"start":{"line":240,"column":8},"end":{"line":240,"column":41}},"102":{"start":{"line":243,"column":30},"end":{"line":249,"column":null}},"103":{"start":{"line":252,"column":6},"end":{"line":257,"column":9}},"104":{"start":{"line":259,"column":6},"end":{"line":259,"column":28}},"105":{"start":{"line":262,"column":4},"end":{"line":262,"column":69}},"106":{"start":{"line":263,"column":4},"end":{"line":263,"column":16}},"107":{"start":{"line":268,"column":13},"end":{"line":268,"column":50}},"108":{"start":{"line":269,"column":13},"end":{"line":269,"column":60}}},"fnMap":{"0":{"name":"(anonymous_0)","decl":{"start":{"line":10,"column":2},"end":{"line":10,"column":null}},"loc":{"start":{"line":16,"column":5},"end":{"line":20,"column":3}}},"1":{"name":"isValidJSONSchema","decl":{"start":{"line":26,"column":9},"end":{"line":26,"column":26}},"loc":{"start":{"line":26,"column":42},"end":{"line":30,"column":1}}},"2":{"name":"(anonymous_2)","decl":{"start":{"line":39,"column":2},"end":{"line":39,"column":8}},"loc":{"start":{"line":39,"column":24},"end":{"line":47,"column":3}}},"3":{"name":"(anonymous_3)","decl":{"start":{"line":49,"column":2},"end":{"line":49,"column":8}},"loc":{"start":{"line":49,"column":45},"end":{"line":66,"column":3}}},"4":{"name":"(anonymous_4)","decl":{"start":{"line":68,"column":2},"end":{"line":68,"column":8}},"loc":{"start":{"line":68,"column":14},"end":{"line":70,"column":3}}},"5":{"name":"(anonymous_5)","decl":{"start":{"line":72,"column":2},"end":{"line":72,"column":8}},"loc":{"start":{"line":72,"column":17},"end":{"line":74,"column":3}}},"6":{"name":"convertPropertyToZod","decl":{"start":{"line":80,"column":9},"end":{"line":80,"column":29}},"loc":{"start":{"line":80,"column":59},"end":{"line":134,"column":1}}},"7":{"name":"(anonymous_7)","decl":{"start":{"line":90,"column":25},"end":{"line":90,"column":26}},"loc":{"start":{"line":90,"column":30},"end":{"line":90,"column":51}}},"8":{"name":"(anonymous_8)","decl":{"start":{"line":93,"column":36},"end":{"line":93,"column":37}},"loc":{"start":{"line":93,"column":41},"end":{"line":93,"column":53}}},"9":{"name":"createMcpZodSchema","decl":{"start":{"line":140,"column":16},"end":{"line":140,"column":34}},"loc":{"start":{"line":140,"column":66},"end":{"line":171,"column":1}}},"10":{"name":"(anonymous_10)","decl":{"start":{"line":155,"column":39},"end":{"line":155,"column":40}},"loc":{"start":{"line":155,"column":55},"end":{"line":164,"column":5}}},"11":{"name":"createValidationSchema","decl":{"start":{"line":177,"column":16},"end":{"line":177,"column":38}},"loc":{"start":{"line":177,"column":70},"end":{"line":211,"column":1}}},"12":{"name":"validateParams","decl":{"start":{"line":216,"column":16},"end":{"line":216,"column":30}},"loc":{"start":{"line":219,"column":19},"end":{"line":265,"column":1}}},"13":{"name":"(anonymous_13)","decl":{"start":{"line":238,"column":38},"end":{"line":238,"column":41}},"loc":{"start":{"line":238,"column":44},"end":{"line":241,"column":7}}}},"branchMap":{"0":{"loc":{"start":{"line":27,"column":9},"end":{"line":29,"column":25}},"type":"binary-expr","locations":[{"start":{"line":27,"column":9},"end":{"line":27,"column":35}},{"start":{"line":28,"column":9},"end":{"line":28,"column":24}},{"start":{"line":29,"column":9},"end":{"line":29,"column":25}}]},"1":{"loc":{"start":{"line":41,"column":4},"end":{"line":45,"column":5}},"type":"if","locations":[{"start":{"line":41,"column":4},"end":{"line":45,"column":5}}]},"2":{"loc":{"start":{"line":51,"column":4},"end":{"line":53,"column":5}},"type":"if","locations":[{"start":{"line":51,"column":4},"end":{"line":53,"column":5}}]},"3":{"loc":{"start":{"line":58,"column":6},"end":{"line":62,"column":7}},"type":"if","locations":[{"start":{"line":58,"column":6},"end":{"line":62,"column":7}},{"start":{"line":60,"column":13},"end":{"line":62,"column":7}}]},"4":{"loc":{"start":{"line":81,"column":2},"end":{"line":84,"column":3}},"type":"if","locations":[{"start":{"line":81,"column":2},"end":{"line":84,"column":3}}]},"5":{"loc":{"start":{"line":81,"column":6},"end":{"line":81,"column":39}},"type":"binary-expr","locations":[{"start":{"line":81,"column":6},"end":{"line":81,"column":11}},{"start":{"line":81,"column":15},"end":{"line":81,"column":39}}]},"6":{"loc":{"start":{"line":89,"column":2},"end":{"line":98,"column":3}},"type":"if","locations":[{"start":{"line":89,"column":2},"end":{"line":98,"column":3}}]},"7":{"loc":{"start":{"line":89,"column":6},"end":{"line":89,"column":70}},"type":"binary-expr","locations":[{"start":{"line":89,"column":6},"end":{"line":89,"column":16}},{"start":{"line":89,"column":20},"end":{"line":89,"column":45}},{"start":{"line":89,"column":49},"end":{"line":89,"column":70}}]},"8":{"loc":{"start":{"line":90,"column":4},"end":{"line":92,"column":5}},"type":"if","locations":[{"start":{"line":90,"column":4},"end":{"line":92,"column":5}}]},"9":{"loc":{"start":{"line":94,"column":4},"end":{"line":96,"column":5}},"type":"if","locations":[{"start":{"line":94,"column":4},"end":{"line":96,"column":5}}]},"10":{"loc":{"start":{"line":101,"column":2},"end":{"line":133,"column":3}},"type":"switch","locations":[{"start":{"line":102,"column":4},"end":{"line":107,"column":5}},{"start":{"line":109,"column":4},"end":{"line":110,"column":24}},{"start":{"line":112,"column":4},"end":{"line":113,"column":30}},{"start":{"line":115,"column":4},"end":{"line":116,"column":25}},{"start":{"line":118,"column":4},"end":{"line":123,"column":34}},{"start":{"line":125,"column":4},"end":{"line":128,"column":35}},{"start":{"line":130,"column":4},"end":{"line":132,"column":25}}]},"11":{"loc":{"start":{"line":104,"column":6},"end":{"line":104,"column":66}},"type":"if","locations":[{"start":{"line":104,"column":6},"end":{"line":104,"column":66}}]},"12":{"loc":{"start":{"line":105,"column":6},"end":{"line":105,"column":62}},"type":"if","locations":[{"start":{"line":105,"column":6},"end":{"line":105,"column":62}}]},"13":{"loc":{"start":{"line":119,"column":6},"end":{"line":122,"column":7}},"type":"if","locations":[{"start":{"line":119,"column":6},"end":{"line":122,"column":7}}]},"14":{"loc":{"start":{"line":119,"column":10},"end":{"line":119,"column":44}},"type":"binary-expr","locations":[{"start":{"line":119,"column":10},"end":{"line":119,"column":15}},{"start":{"line":119,"column":19},"end":{"line":119,"column":44}}]},"15":{"loc":{"start":{"line":141,"column":2},"end":{"line":144,"column":3}},"type":"if","locations":[{"start":{"line":141,"column":2},"end":{"line":144,"column":3}}]},"16":{"loc":{"start":{"line":146,"column":2},"end":{"line":148,"column":3}},"type":"if","locations":[{"start":{"line":146,"column":2},"end":{"line":148,"column":3}}]},"17":{"loc":{"start":{"line":146,"column":6},"end":{"line":146,"column":52}},"type":"binary-expr","locations":[{"start":{"line":146,"column":6},"end":{"line":146,"column":30}},{"start":{"line":146,"column":34},"end":{"line":146,"column":52}}]},"18":{"loc":{"start":{"line":151,"column":20},"end":{"line":151,"column":54}},"type":"binary-expr","locations":[{"start":{"line":151,"column":20},"end":{"line":151,"column":48}},{"start":{"line":151,"column":52},"end":{"line":151,"column":54}}]},"19":{"loc":{"start":{"line":159,"column":6},"end":{"line":161,"column":7}},"type":"if","locations":[{"start":{"line":159,"column":6},"end":{"line":161,"column":7}}]},"20":{"loc":{"start":{"line":178,"column":2},"end":{"line":181,"column":3}},"type":"if","locations":[{"start":{"line":178,"column":2},"end":{"line":181,"column":3}}]},"21":{"loc":{"start":{"line":188,"column":2},"end":{"line":190,"column":3}},"type":"if","locations":[{"start":{"line":188,"column":2},"end":{"line":190,"column":3}}]},"22":{"loc":{"start":{"line":195,"column":4},"end":{"line":201,"column":5}},"type":"if","locations":[{"start":{"line":195,"column":4},"end":{"line":201,"column":5}},{"start":{"line":198,"column":11},"end":{"line":201,"column":5}}]},"23":{"loc":{"start":{"line":195,"column":8},"end":{"line":195,"column":53}},"type":"binary-expr","locations":[{"start":{"line":195,"column":8},"end":{"line":195,"column":32}},{"start":{"line":195,"column":36},"end":{"line":195,"column":53}}]},"24":{"loc":{"start":{"line":236,"column":4},"end":{"line":260,"column":5}},"type":"if","locations":[{"start":{"line":236,"column":4},"end":{"line":260,"column":5}}]},"25":{"loc":{"start":{"line":237,"column":22},"end":{"line":237,"column":62}},"type":"cond-expr","locations":[{"start":{"line":237,"column":33},"end":{"line":237,"column":57}},{"start":{"line":237,"column":60},"end":{"line":237,"column":62}}]},"26":{"loc":{"start":{"line":239,"column":21},"end":{"line":239,"column":70}},"type":"cond-expr","locations":[{"start":{"line":239,"column":43},"end":{"line":239,"column":61}},{"start":{"line":239,"column":64},"end":{"line":239,"column":70}}]},"27":{"loc":{"start":{"line":256,"column":16},"end":{"line":256,"column":62}},"type":"cond-expr","locations":[{"start":{"line":256,"column":45},"end":{"line":256,"column":53}},{"start":{"line":256,"column":56},"end":{"line":256,"column":62}}]}},"s":{"0":6,"1":6,"2":6,"3":6,"4":6,"5":6,"6":5,"7":5,"8":5,"9":6,"10":46,"11":21,"12":21,"13":9,"14":9,"15":21,"16":12,"17":0,"18":12,"19":0,"20":0,"21":0,"22":0,"23":12,"24":0,"25":0,"26":6,"27":6,"28":34,"29":1,"30":1,"31":33,"32":33,"33":3,"34":7,"35":2,"36":1,"37":3,"38":1,"39":0,"40":1,"41":30,"42":14,"43":14,"44":0,"45":14,"46":0,"47":14,"48":5,"49":1,"50":2,"51":4,"52":4,"53":4,"54":0,"55":4,"56":0,"57":0,"58":25,"59":5,"60":5,"61":20,"62":1,"63":19,"64":19,"65":19,"66":19,"67":19,"68":30,"69":30,"70":19,"71":30,"72":0,"73":0,"74":19,"75":21,"76":0,"77":0,"78":21,"79":21,"80":21,"81":9,"82":12,"83":12,"84":12,"85":12,"86":0,"87":0,"88":0,"89":12,"90":12,"91":19,"92":19,"93":19,"94":19,"95":14,"96":14,"97":5,"98":5,"99":5,"100":5,"101":5,"102":5,"103":5,"104":5,"105":0,"106":0,"107":6,"108":6},"f":{"0":5,"1":46,"2":21,"3":12,"4":0,"5":0,"6":34,"7":7,"8":3,"9":25,"10":30,"11":21,"12":19,"13":5},"b":{"0":[46,45,43],"1":[9],"2":[0],"3":[0,0],"4":[1],"5":[34,33],"6":[3],"7":[33,4,4],"8":[2],"9":[0],"10":[14,5,1,2,4,4,0],"11":[0],"12":[0],"13":[4],"14":[4,4],"15":[5],"16":[1],"17":[20,19],"18":[19,8],"19":[19],"20":[0],"21":[9],"22":[12,0],"23":[12,12],"24":[5],"25":[5,0],"26":[5,0],"27":[5,0]}}
}
