TN:
SF:src/mcp-stdio-server.ts
FN:25,main
FN:68,(anonymous_11)
FN:75,(anonymous_12)
FN:122,gracefulShutdown
FN:127,(anonymous_14)
FN:130,(anonymous_15)
FN:143,(anonymous_16)
FN:149,(anonymous_17)
FN:156,(anonymous_18)
FNF:9
FNH:0
FNDA:0,main
FNDA:0,(anonymous_11)
FNDA:0,(anonymous_12)
FNDA:0,gracefulShutdown
FNDA:0,(anonymous_14)
FNDA:0,(anonymous_15)
FNDA:0,(anonymous_16)
FNDA:0,(anonymous_17)
FNDA:0,(anonymous_18)
DA:6,0
DA:7,0
DA:8,0
DA:9,0
DA:10,0
DA:12,0
DA:13,0
DA:14,0
DA:17,0
DA:19,0
DA:26,0
DA:28,0
DA:33,0
DA:36,0
DA:46,0
DA:47,0
DA:51,0
DA:52,0
DA:56,0
DA:57,0
DA:60,0
DA:61,0
DA:64,0
DA:67,0
DA:68,0
DA:69,0
DA:71,0
DA:76,0
DA:77,0
DA:78,0
DA:81,0
DA:82,0
DA:83,0
DA:84,0
DA:87,0
DA:94,0
DA:95,0
DA:100,0
DA:103,0
DA:106,0
DA:109,0
DA:110,0
DA:113,0
DA:114,0
DA:115,0
DA:123,0
DA:124,0
DA:127,0
DA:130,0
DA:131,0
DA:132,0
DA:133,0
DA:136,0
DA:138,0
DA:143,0
DA:144,0
DA:145,0
DA:146,0
DA:149,0
DA:150,0
DA:151,0
DA:152,0
DA:156,0
DA:157,0
DA:158,0
DA:159,0
LF:66
LH:0
BRDA:37,0,0,0
BRDA:37,0,1,0
BRDA:38,1,0,0
BRDA:38,1,1,0
BRDA:41,2,0,0
BRDA:41,2,1,0
BRDA:46,3,0,0
BRDA:46,4,0,0
BRDA:46,4,1,0
BRDA:51,5,0,0
BRDA:56,6,0,0
BRDA:56,7,0,0
BRDA:56,7,1,0
BRDA:81,8,0,0
BRDA:81,9,0,0
BRDA:81,9,1,0
BRDA:82,10,0,0
BRDA:82,10,1,0
BRDA:132,11,0,0
BRF:19
BRH:0
end_of_record
TN:
SF:src/server.ts
FN:42,initializeClient
FN:97,(anonymous_2)
FN:141,(anonymous_3)
FN:168,(anonymous_4)
FN:218,(anonymous_5)
FN:229,(anonymous_6)
FN:244,(anonymous_7)
FN:256,(anonymous_8)
FN:285,(anonymous_9)
FN:293,(anonymous_10)
FN:297,(anonymous_11)
FN:308,(anonymous_12)
FN:324,(anonymous_13)
FN:329,(anonymous_14)
FN:334,(anonymous_15)
FN:340,(anonymous_16)
FN:346,cleanup
FNF:17
FNH:0
FNDA:0,initializeClient
FNDA:0,(anonymous_2)
FNDA:0,(anonymous_3)
FNDA:0,(anonymous_4)
FNDA:0,(anonymous_5)
FNDA:0,(anonymous_6)
FNDA:0,(anonymous_7)
FNDA:0,(anonymous_8)
FNDA:0,(anonymous_9)
FNDA:0,(anonymous_10)
FNDA:0,(anonymous_11)
FNDA:0,(anonymous_12)
FNDA:0,(anonymous_13)
FNDA:0,(anonymous_14)
FNDA:0,(anonymous_15)
FNDA:0,(anonymous_16)
FNDA:0,cleanup
DA:1,0
DA:2,0
DA:3,0
DA:4,0
DA:5,0
DA:7,0
DA:8,0
DA:10,0
DA:13,0
DA:15,0
DA:18,0
DA:19,0
DA:20,0
DA:23,0
DA:26,0
DA:27,0
DA:30,0
DA:36,0
DA:37,0
DA:43,0
DA:45,0
DA:46,0
DA:48,0
DA:49,0
DA:52,0
DA:53,0
DA:57,0
DA:58,0
DA:59,0
DA:60,0
DA:63,0
DA:72,0
DA:73,0
DA:79,0
DA:82,0
DA:84,0
DA:85,0
DA:87,0
DA:88,0
DA:90,0
DA:91,0
DA:92,0
DA:97,0
DA:98,0
DA:99,0
DA:101,0
DA:103,0
DA:104,0
DA:113,0
DA:115,0
DA:116,0
DA:125,0
DA:126,0
DA:127,0
DA:129,0
DA:130,0
DA:141,0
DA:142,0
DA:144,0
DA:145,0
DA:154,0
DA:156,0
DA:157,0
DA:166,0
DA:167,0
DA:169,0
DA:171,0
DA:172,0
DA:182,0
DA:183,0
DA:184,0
DA:189,0
DA:201,0
DA:206,0
DA:207,0
DA:218,0
DA:219,0
DA:220,0
DA:229,0
DA:235,0
DA:244,0
DA:245,0
DA:256,0
DA:257,0
DA:258,0
DA:268,0
DA:269,0
DA:270,0
DA:272,0
DA:273,0
DA:285,0
DA:286,0
DA:287,0
DA:288,0
DA:289,0
DA:290,0
DA:293,0
DA:294,0
DA:297,0
DA:298,0
DA:302,0
DA:303,0
DA:308,0
DA:309,0
DA:312,0
DA:315,0
DA:316,0
DA:317,0
DA:319,0
DA:324,0
DA:325,0
DA:326,0
DA:329,0
DA:330,0
DA:331,0
DA:334,0
DA:335,0
DA:336,0
DA:337,0
DA:340,0
DA:341,0
DA:342,0
DA:343,0
DA:347,0
DA:349,0
DA:350,0
DA:355,0
DA:357,0
DA:362,0
LF:129
LH:0
BRDA:23,0,0,0
BRDA:23,0,1,0
BRDA:48,1,0,0
BRDA:52,2,0,0
BRDA:57,3,0,0
BRDA:57,3,1,0
BRDA:59,4,0,0
BRDA:59,5,0,0
BRDA:59,5,1,0
BRDA:91,6,0,0
BRDA:91,6,1,0
BRDA:99,7,0,0
BRDA:99,7,1,0
BRDA:103,8,0,0
BRDA:115,9,0,0
BRDA:133,10,0,0
BRDA:133,10,1,0
BRDA:134,11,0,0
BRDA:134,11,1,0
BRDA:142,12,0,0
BRDA:142,12,1,0
BRDA:144,13,0,0
BRDA:144,14,0,0
BRDA:144,14,1,0
BRDA:156,15,0,0
BRDA:171,16,0,0
BRDA:183,17,0,0
BRDA:183,17,1,0
BRDA:193,18,0,0
BRDA:193,18,1,0
BRDA:194,19,0,0
BRDA:194,19,1,0
BRDA:210,20,0,0
BRDA:210,20,1,0
BRDA:211,21,0,0
BRDA:211,21,1,0
BRDA:219,22,0,0
BRDA:250,23,0,0
BRDA:250,23,1,0
BRDA:257,24,0,0
BRDA:264,25,0,0
BRDA:264,25,1,0
BRDA:277,26,0,0
BRDA:277,26,1,0
BRDA:279,27,0,0
BRDA:279,27,1,0
BRDA:349,28,0,0
BRF:47
BRH:0
end_of_record
TN:
SF:src/client/quickbase.ts
FN:18,(anonymous_0)
FN:23,(anonymous_1)
FN:25,(anonymous_2)
FN:29,(anonymous_3)
FN:33,(anonymous_4)
FN:42,(anonymous_5)
FN:68,(anonymous_6)
FN:119,(anonymous_7)
FN:128,(anonymous_8)
FN:129,(anonymous_9)
FN:136,(anonymous_10)
FN:177,(anonymous_11)
FN:247,(anonymous_12)
FNF:13
FNH:3
FNDA:231,(anonymous_0)
FNDA:0,(anonymous_1)
FNDA:0,(anonymous_2)
FNDA:0,(anonymous_3)
FNDA:0,(anonymous_4)
FNDA:0,(anonymous_5)
FNDA:235,(anonymous_6)
FNDA:1,(anonymous_7)
FNDA:0,(anonymous_8)
FNDA:0,(anonymous_9)
FNDA:0,(anonymous_10)
FNDA:0,(anonymous_11)
FNDA:0,(anonymous_12)
DA:3,6
DA:4,6
DA:5,6
DA:7,6
DA:13,231
DA:16,231
DA:19,231
DA:20,231
DA:25,0
DA:26,0
DA:30,0
DA:33,0
DA:35,0
DA:37,0
DA:38,0
DA:40,0
DA:41,0
DA:42,0
DA:45,0
DA:50,0
DA:57,6
DA:69,235
DA:79,235
DA:80,2
DA:83,233
DA:84,2
DA:87,231
DA:89,231
DA:96,231
DA:102,231
DA:107,231
DA:120,1
DA:129,0
DA:130,0
DA:133,0
DA:134,0
DA:135,0
DA:136,0
DA:137,0
DA:139,0
DA:143,0
DA:144,0
DA:145,0
DA:146,0
DA:147,0
DA:148,0
DA:153,0
DA:156,0
DA:159,0
DA:160,0
DA:161,0
DA:163,0
DA:165,0
DA:168,0
DA:176,0
DA:177,0
DA:180,0
DA:181,0
DA:188,0
DA:193,0
DA:194,0
DA:196,0
DA:200,0
DA:201,0
DA:204,0
DA:207,0
DA:208,0
DA:209,0
DA:215,0
DA:221,0
DA:222,0
DA:226,0
DA:230,0
DA:236,0
DA:237,0
DA:240,0
DA:244,0
DA:249,0
DA:252,0
DA:253,0
DA:254,0
DA:260,0
DA:261,0
DA:266,0
DA:270,0
DA:272,0
DA:275,0
DA:277,0
LF:88
LH:20
BRDA:18,0,0,0
BRDA:18,1,0,0
BRDA:35,2,0,0
BRDA:40,3,0,0
BRDA:79,4,0,2
BRDA:83,5,0,2
BRDA:93,6,0,231
BRDA:93,6,1,0
BRDA:103,7,0,231
BRDA:103,7,1,231
BRDA:111,8,0,231
BRDA:111,8,1,231
BRDA:130,9,0,0
BRDA:130,10,0,0
BRDA:134,11,0,0
BRDA:134,12,0,0
BRDA:134,12,1,0
BRDA:144,13,0,0
BRDA:144,14,0,0
BRDA:144,14,1,0
BRDA:146,15,0,0
BRDA:160,16,0,0
BRDA:163,17,0,0
BRDA:172,18,0,0
BRDA:172,18,1,0
BRDA:177,19,0,0
BRDA:177,19,1,0
BRDA:184,20,0,0
BRDA:184,20,1,0
BRDA:196,21,0,0
BRDA:196,21,1,0
BRDA:200,22,0,0
BRDA:200,23,0,0
BRDA:200,23,1,0
BRDA:207,24,0,0
BRDA:208,25,0,0
BRDA:208,25,1,0
BRDA:236,26,0,0
BRDA:236,27,0,0
BRDA:236,27,1,0
BRDA:245,28,0,0
BRDA:245,28,1,0
BRDA:246,29,0,0
BRDA:246,29,1,0
BRDA:249,30,0,0
BRDA:252,31,0,0
BRDA:252,32,0,0
BRDA:252,32,1,0
BRDA:252,32,2,0
BRDA:254,33,0,0
BRDA:254,33,1,0
BRDA:254,33,2,0
BRDA:254,33,3,0
BRDA:260,34,0,0
BRDA:261,35,0,0
BRDA:261,35,1,0
BRDA:261,35,2,0
BRDA:280,36,0,0
BRDA:280,36,1,0
BRF:59
BRH:7
end_of_record
TN:
SF:src/mcp/index.ts
FNF:0
FNH:0
DA:4,0
LF:1
LH:0
BRF:0
BRH:0
end_of_record
TN:
SF:src/mcp/server.ts
FN:17,createMcpServer
FN:32,registerMcpTools
FN:39,registerTools
FN:42,(anonymous_3)
FN:51,(anonymous_4)
FN:87,createHttpTransport
FN:91,(anonymous_6)
FN:99,handleMcpRequest
FNF:8
FNH:0
FNDA:0,createMcpServer
FNDA:0,registerMcpTools
FNDA:0,registerTools
FNDA:0,(anonymous_3)
FNDA:0,(anonymous_4)
FNDA:0,createHttpTransport
FNDA:0,(anonymous_6)
FNDA:0,handleMcpRequest
DA:4,0
DA:6,0
DA:7,0
DA:8,0
DA:9,0
DA:10,0
DA:12,0
DA:17,0
DA:19,0
DA:24,0
DA:26,0
DA:32,0
DA:33,0
DA:40,0
DA:42,0
DA:44,0
DA:47,0
DA:52,0
DA:53,0
DA:54,0
DA:57,0
DA:58,0
DA:59,0
DA:60,0
DA:64,0
DA:71,0
DA:72,0
DA:77,0
DA:80,0
DA:87,0
DA:90,0
DA:91,0
DA:99,0
DA:105,0
DA:106,0
DA:107,0
DA:109,0
DA:110,0
LF:38
LH:0
BRDA:57,0,0,0
BRDA:57,1,0,0
BRDA:57,1,1,0
BRDA:58,2,0,0
BRDA:58,2,1,0
BRDA:114,3,0,0
BRDA:114,3,1,0
BRDA:116,4,0,0
BRDA:116,4,1,0
BRF:9
BRH:0
end_of_record
TN:
SF:src/tools/base.ts
FN:37,(anonymous_0)
FN:46,(anonymous_1)
FN:55,(anonymous_2)
FNF:3
FNH:3
FNDA:537,(anonymous_0)
FNDA:11,(anonymous_1)
FNDA:10,(anonymous_2)
DA:4,5
DA:5,5
DA:7,5
DA:12,5
DA:38,537
DA:47,11
DA:56,10
DA:57,10
DA:60,10
DA:63,10
DA:65,6
DA:67,6
DA:72,4
DA:73,4
DA:75,4
DA:81,4
LF:16
LH:16
BRDA:72,0,0,4
BRDA:72,0,1,0
BRDA:73,1,0,4
BRDA:73,1,1,0
BRDA:78,2,0,4
BRDA:78,2,1,0
BRF:6
BRH:3
end_of_record
TN:
SF:src/tools/configure_cache.ts
FN:87,(anonymous_0)
FN:97,(anonymous_1)
FNF:2
FNH:1
FNDA:29,(anonymous_0)
FNDA:0,(anonymous_1)
DA:1,3
DA:4,3
DA:6,3
DA:51,3
DA:52,29
DA:53,29
DA:58,29
DA:88,29
DA:89,29
DA:98,0
DA:100,0
DA:106,0
DA:107,0
DA:108,0
DA:109,0
DA:113,0
DA:114,0
DA:115,0
DA:116,0
DA:120,0
DA:123,0
DA:124,0
DA:127,0
LF:23
LH:9
BRDA:106,0,0,0
BRDA:113,1,0,0
BRDA:116,2,0,0
BRDA:116,2,1,0
BRDA:120,3,0,0
BRDA:120,4,0,0
BRDA:120,4,1,0
BRF:7
BRH:0
end_of_record
TN:
SF:src/tools/index.ts
FN:21,initializeTools
FNF:1
FNH:1
FNDA:29,initializeTools
DA:3,3
DA:4,3
DA:5,3
DA:6,3
DA:7,3
DA:8,3
DA:9,3
DA:10,3
DA:11,3
DA:12,3
DA:14,3
DA:21,3
DA:25,29
DA:28,29
DA:29,29
DA:32,29
DA:35,29
DA:38,29
DA:41,29
DA:44,29
DA:47,29
DA:51,29
DA:55,3
DA:56,3
DA:57,3
DA:58,3
DA:59,3
DA:60,3
DA:61,3
DA:62,3
DA:63,3
DA:64,3
LF:32
LH:32
BRF:0
BRH:0
end_of_record
TN:
SF:src/tools/registry.ts
FN:10,(anonymous_0)
FN:18,(anonymous_1)
FN:26,(anonymous_2)
FN:39,(anonymous_3)
FN:47,(anonymous_4)
FN:56,(anonymous_5)
FN:64,(anonymous_6)
FNF:7
FNH:6
FNDA:4,(anonymous_0)
FNDA:23,(anonymous_1)
FNDA:522,(anonymous_2)
FNDA:1,(anonymous_3)
FNDA:1,(anonymous_4)
FNDA:0,(anonymous_5)
FNDA:34,(anonymous_6)
DA:2,4
DA:4,4
DA:10,4
DA:11,4
DA:19,23
DA:27,522
DA:28,0
DA:31,522
DA:32,522
DA:40,1
DA:48,1
DA:57,0
DA:65,34
DA:70,4
LF:14
LH:12
BRDA:27,0,0,0
BRF:1
BRH:0
end_of_record
TN:
SF:src/tools/test_connection.ts
FN:53,(anonymous_0)
FN:62,(anonymous_1)
FNF:2
FNH:2
FNDA:36,(anonymous_0)
FNDA:5,(anonymous_1)
DA:1,4
DA:3,4
DA:5,4
DA:36,4
DA:37,36
DA:38,36
DA:43,36
DA:54,36
DA:63,5
DA:66,5
DA:71,4
DA:72,0
DA:73,0
DA:76,3
DA:77,3
DA:79,3
LF:16
LH:14
BRDA:71,0,0,0
BRDA:73,1,0,0
BRDA:73,1,1,0
BRDA:88,2,0,3
BRDA:88,2,1,1
BRF:5
BRH:2
end_of_record
TN:
SF:src/tools/apps/create_app.ts
FN:95,(anonymous_0)
FN:104,(anonymous_1)
FNF:2
FNH:1
FNDA:29,(anonymous_0)
FNDA:0,(anonymous_1)
DA:1,3
DA:3,3
DA:5,3
DA:65,3
DA:66,29
DA:67,29
DA:72,29
DA:96,29
DA:105,0
DA:107,0
DA:110,0
DA:116,0
DA:117,0
DA:121,0
DA:127,0
DA:128,0
DA:132,0
DA:135,0
DA:137,0
DA:142,0
LF:20
LH:8
BRDA:112,0,0,0
BRDA:112,0,1,0
BRDA:116,1,0,0
BRDA:127,2,0,0
BRDA:127,3,0,0
BRDA:127,3,1,0
BRDA:132,4,0,0
BRDA:132,4,1,0
BRF:8
BRH:0
end_of_record
TN:
SF:src/tools/apps/index.ts
FN:14,registerAppTools
FNF:1
FNH:1
FNDA:29,registerAppTools
DA:2,3
DA:3,3
DA:4,3
DA:5,3
DA:6,3
DA:8,3
DA:14,3
DA:15,29
DA:18,29
DA:19,29
DA:20,29
DA:22,29
DA:26,3
DA:27,3
DA:28,3
LF:15
LH:15
BRF:0
BRH:0
end_of_record
TN:
SF:src/tools/apps/list_tables.ts
FN:120,(anonymous_0)
FN:129,(anonymous_1)
FN:167,(anonymous_2)
FN:181,(anonymous_3)
FNF:4
FNH:1
FNDA:29,(anonymous_0)
FNDA:0,(anonymous_1)
FNDA:0,(anonymous_2)
FNDA:0,(anonymous_3)
DA:1,3
DA:3,3
DA:5,3
DA:90,3
DA:91,29
DA:92,29
DA:97,29
DA:121,29
DA:130,0
DA:133,0
DA:135,0
DA:136,0
DA:139,0
DA:145,0
DA:147,0
DA:148,0
DA:152,0
DA:158,0
DA:159,0
DA:163,0
DA:167,0
DA:179,0
DA:180,0
DA:181,0
DA:182,0
DA:187,0
DA:189,0
LF:27
LH:8
BRDA:133,0,0,0
BRDA:133,0,1,0
BRDA:135,1,0,0
BRDA:147,2,0,0
BRDA:158,3,0,0
BRDA:158,4,0,0
BRDA:158,4,1,0
BRDA:163,5,0,0
BRDA:163,5,1,0
BRDA:179,6,0,0
BRDA:179,7,0,0
BRDA:179,7,1,0
BRDA:182,8,0,0
BRDA:182,8,1,0
BRDA:182,8,2,0
BRF:15
BRH:0
end_of_record
TN:
SF:src/tools/apps/update_app.ts
FN:99,(anonymous_0)
FN:108,(anonymous_1)
FNF:2
FNH:1
FNDA:29,(anonymous_0)
FNDA:0,(anonymous_1)
DA:1,3
DA:3,3
DA:5,3
DA:65,3
DA:66,29
DA:67,29
DA:72,29
DA:100,29
DA:109,0
DA:113,0
DA:116,0
DA:117,0
DA:121,0
DA:123,0
DA:124,0
DA:127,0
DA:128,0
DA:132,0
DA:133,0
DA:137,0
DA:143,0
DA:144,0
DA:148,0
DA:151,0
DA:153,0
DA:158,0
LF:26
LH:8
BRDA:116,0,0,0
BRDA:116,1,0,0
BRDA:116,1,1,0
BRDA:116,1,2,0
BRDA:116,1,3,0
BRDA:123,2,0,0
BRDA:127,3,0,0
BRDA:132,4,0,0
BRDA:143,5,0,0
BRDA:143,6,0,0
BRDA:143,6,1,0
BRDA:148,7,0,0
BRDA:148,7,1,0
BRDA:162,8,0,0
BRDA:162,8,1,0
BRF:15
BRH:0
end_of_record
TN:
SF:src/tools/fields/create_field.ts
FN:147,(anonymous_0)
FN:156,(anonymous_1)
FNF:2
FNH:1
FNDA:29,(anonymous_0)
FNDA:0,(anonymous_1)
DA:1,3
DA:3,3
DA:5,3
DA:109,3
DA:110,29
DA:111,29
DA:116,29
DA:148,29
DA:157,0
DA:159,0
DA:166,0
DA:173,0
DA:174,0
DA:178,0
DA:184,0
DA:185,0
DA:190,0
DA:193,0
DA:195,0
DA:201,0
LF:20
LH:8
BRDA:169,0,0,0
BRDA:169,0,1,0
BRDA:173,1,0,0
BRDA:184,2,0,0
BRDA:184,3,0,0
BRDA:184,3,1,0
BRDA:190,4,0,0
BRDA:190,4,1,0
BRF:8
BRH:0
end_of_record
TN:
SF:src/tools/fields/index.ts
FN:13,registerFieldTools
FNF:1
FNH:1
FNDA:29,registerFieldTools
DA:2,3
DA:3,3
DA:4,3
DA:5,3
DA:7,3
DA:13,3
DA:14,29
DA:17,29
DA:18,29
DA:20,29
DA:24,3
DA:25,3
LF:12
LH:12
BRF:0
BRH:0
end_of_record
TN:
SF:src/tools/fields/update_field.ts
FN:123,(anonymous_0)
FN:132,(anonymous_1)
FNF:2
FNH:1
FNDA:29,(anonymous_0)
FNDA:0,(anonymous_1)
DA:1,3
DA:3,3
DA:6,3
DA:81,3
DA:82,29
DA:83,29
DA:88,29
DA:124,29
DA:133,0
DA:135,0
DA:141,0
DA:142,0
DA:146,0
DA:148,0
DA:149,0
DA:152,0
DA:153,0
DA:156,0
DA:157,0
DA:161,0
DA:162,0
DA:166,0
DA:172,0
DA:173,0
DA:178,0
DA:181,0
DA:183,0
DA:189,0
LF:28
LH:8
BRDA:141,0,0,0
BRDA:141,1,0,0
BRDA:141,1,1,0
BRDA:141,1,2,0
BRDA:141,1,3,0
BRDA:141,1,4,0
BRDA:148,2,0,0
BRDA:152,3,0,0
BRDA:156,4,0,0
BRDA:161,5,0,0
BRDA:161,6,0,0
BRDA:161,6,1,0
BRDA:172,7,0,0
BRDA:172,8,0,0
BRDA:172,8,1,0
BRDA:178,9,0,0
BRDA:178,9,1,0
BRF:17
BRH:0
end_of_record
TN:
SF:src/tools/files/download_file.ts
FN:125,(anonymous_9)
FN:134,(anonymous_10)
FN:160,(anonymous_11)
FNF:3
FNH:1
FNDA:29,(anonymous_9)
FNDA:0,(anonymous_10)
FNDA:0,(anonymous_11)
DA:1,3
DA:3,3
DA:4,3
DA:5,3
DA:7,3
DA:87,3
DA:88,29
DA:89,29
DA:94,29
DA:126,29
DA:135,0
DA:137,0
DA:145,0
DA:146,0
DA:147,0
DA:151,0
DA:159,0
DA:160,0
DA:164,0
DA:169,0
DA:170,0
DA:176,0
DA:179,0
DA:182,0
DA:183,0
DA:185,0
DA:186,0
DA:190,0
DA:196,0
DA:197,0
DA:198,0
DA:199,0
DA:201,0
DA:205,0
DA:207,0
DA:208,0
DA:211,0
DA:219,0
LF:38
LH:10
BRDA:135,0,0,0
BRDA:146,1,0,0
BRDA:169,2,0,0
BRDA:169,3,0,0
BRDA:169,3,1,0
BRDA:176,4,0,0
BRDA:176,4,1,0
BRDA:182,5,0,0
BRDA:182,5,1,0
BRDA:185,6,0,0
BRDA:190,7,0,0
BRDA:190,7,1,0
BRDA:196,8,0,0
BRDA:196,8,1,0
BRDA:198,9,0,0
BRDA:198,9,1,0
BRDA:207,10,0,0
BRF:17
BRH:0
end_of_record
TN:
SF:src/tools/files/index.ts
FN:13,registerFileTools
FNF:1
FNH:1
FNDA:29,registerFileTools
DA:2,3
DA:3,3
DA:4,3
DA:5,3
DA:7,3
DA:13,3
DA:14,29
DA:17,29
DA:18,29
DA:20,29
DA:24,3
DA:25,3
LF:12
LH:12
BRF:0
BRH:0
end_of_record
TN:
SF:src/tools/files/upload_file.ts
FN:119,(anonymous_9)
FN:128,(anonymous_10)
FN:156,(anonymous_11)
FN:157,(anonymous_12)
FNF:4
FNH:1
FNDA:29,(anonymous_9)
FNDA:0,(anonymous_10)
FNDA:0,(anonymous_11)
FNDA:0,(anonymous_12)
DA:1,3
DA:3,3
DA:4,3
DA:6,3
DA:81,3
DA:82,29
DA:83,29
DA:88,29
DA:120,29
DA:129,0
DA:131,0
DA:139,0
DA:140,0
DA:144,0
DA:145,0
DA:146,0
DA:150,0
DA:151,0
DA:152,0
DA:156,0
DA:157,0
DA:160,0
DA:161,0
DA:165,0
DA:166,0
DA:170,0
DA:173,0
DA:175,0
DA:177,0
DA:181,0
DA:182,0
DA:186,0
DA:187,0
DA:189,0
DA:193,0
DA:196,0
DA:197,0
DA:198,0
DA:201,0
DA:202,0
DA:204,0
DA:205,0
DA:208,0
DA:211,0
DA:212,0
DA:213,0
DA:215,0
DA:218,0
DA:222,0
DA:232,0
DA:238,0
DA:239,0
DA:245,0
DA:248,0
DA:250,0
DA:257,0
LF:56
LH:9
BRDA:139,0,0,0
BRDA:145,1,0,0
BRDA:151,2,0,0
BRDA:160,3,0,0
BRDA:160,4,0,0
BRDA:160,4,1,0
BRDA:165,5,0,0
BRDA:165,6,0,0
BRDA:165,6,1,0
BRDA:165,6,2,0
BRDA:181,7,0,0
BRDA:181,8,0,0
BRDA:181,8,1,0
BRDA:197,9,0,0
BRDA:197,9,1,0
BRDA:212,10,0,0
BRDA:218,11,0,0
BRDA:218,11,1,0
BRDA:226,12,0,0
BRDA:226,12,1,0
BRDA:238,13,0,0
BRDA:238,14,0,0
BRDA:238,14,1,0
BRDA:245,15,0,0
BRDA:245,15,1,0
BRDA:254,16,0,0
BRDA:254,16,1,0
BRDA:261,17,0,0
BRDA:261,17,1,0
BRDA:263,18,0,0
BRDA:263,18,1,0
BRF:31
BRH:0
end_of_record
TN:
SF:src/tools/records/bulk_create_records.ts
FN:80,(anonymous_0)
FN:89,(anonymous_1)
FN:103,(anonymous_2)
FNF:3
FNH:1
FNDA:29,(anonymous_0)
FNDA:0,(anonymous_1)
FNDA:0,(anonymous_2)
DA:1,4
DA:3,4
DA:5,4
DA:50,4
DA:51,29
DA:52,29
DA:57,29
DA:81,29
DA:90,0
DA:92,0
DA:98,0
DA:99,0
DA:103,0
DA:104,0
DA:106,0
DA:107,0
DA:110,0
DA:114,0
DA:120,0
DA:126,0
DA:127,0
DA:131,0
DA:134,0
DA:135,0
DA:137,0
DA:138,0
DA:141,0
DA:144,0
DA:146,0
DA:151,0
LF:30
LH:8
BRDA:98,0,0,0
BRDA:98,1,0,0
BRDA:98,1,1,0
BRDA:98,1,2,0
BRDA:126,2,0,0
BRDA:126,3,0,0
BRDA:126,3,1,0
BRDA:131,4,0,0
BRDA:131,4,1,0
BRDA:135,5,0,0
BRDA:135,5,1,0
BRDA:137,6,0,0
BRDA:137,7,0,0
BRDA:137,7,1,0
BRF:14
BRH:0
end_of_record
TN:
SF:src/tools/records/bulk_update_records.ts
FN:80,(anonymous_0)
FN:89,(anonymous_1)
FN:103,(anonymous_2)
FN:109,(anonymous_3)
FN:141,(anonymous_4)
FNF:5
FNH:1
FNDA:29,(anonymous_0)
FNDA:0,(anonymous_1)
FNDA:0,(anonymous_2)
FNDA:0,(anonymous_3)
FNDA:0,(anonymous_4)
DA:1,4
DA:3,4
DA:5,4
DA:50,4
DA:51,29
DA:52,29
DA:57,29
DA:81,29
DA:90,0
DA:92,0
DA:98,0
DA:99,0
DA:103,0
DA:104,0
DA:105,0
DA:109,0
DA:110,0
DA:111,0
DA:113,0
DA:114,0
DA:117,0
DA:121,0
DA:127,0
DA:133,0
DA:134,0
DA:138,0
DA:141,0
DA:143,0
DA:148,0
LF:29
LH:8
BRDA:98,0,0,0
BRDA:98,1,0,0
BRDA:98,1,1,0
BRDA:98,1,2,0
BRDA:104,2,0,0
BRDA:133,3,0,0
BRDA:133,4,0,0
BRDA:133,4,1,0
BRDA:138,5,0,0
BRDA:138,5,1,0
BRF:10
BRH:0
end_of_record
TN:
SF:src/tools/records/create_record.ts
FN:72,(anonymous_0)
FN:81,(anonymous_1)
FNF:2
FNH:2
FNDA:32,(anonymous_0)
FNDA:2,(anonymous_1)
DA:1,4
DA:3,4
DA:5,4
DA:46,4
DA:47,32
DA:48,32
DA:53,32
DA:73,32
DA:82,2
DA:84,2
DA:89,2
DA:90,1
DA:95,1
DA:97,1
DA:98,2
DA:102,1
DA:108,1
DA:114,1
DA:115,0
DA:119,0
DA:123,1
DA:124,0
DA:127,1
DA:130,1
DA:131,0
DA:134,0
DA:137,1
DA:140,1
DA:141,0
DA:144,0
DA:147,1
DA:148,1
DA:149,0
DA:152,0
DA:156,1
DA:157,1
DA:158,1
DA:162,1
DA:165,0
DA:170,0
LF:40
LH:29
BRDA:89,0,0,1
BRDA:89,1,0,2
BRDA:89,1,1,2
BRDA:89,1,2,2
BRDA:114,2,0,0
BRDA:114,3,0,1
BRDA:114,3,1,1
BRDA:119,4,0,0
BRDA:119,4,1,0
BRDA:123,5,0,0
BRDA:123,6,0,1
BRDA:123,6,1,1
BRDA:130,7,0,0
BRDA:130,8,0,1
BRDA:130,8,1,1
BRDA:140,9,0,0
BRDA:148,10,0,0
BRDA:157,11,0,1
BRF:18
BRH:11
end_of_record
TN:
SF:src/tools/records/index.ts
FN:16,registerRecordTools
FNF:1
FNH:1
FNDA:29,registerRecordTools
DA:2,4
DA:3,4
DA:4,4
DA:5,4
DA:6,4
DA:7,4
DA:8,4
DA:10,4
DA:16,4
DA:17,29
DA:20,29
DA:21,29
DA:22,29
DA:23,29
DA:24,29
DA:26,29
DA:30,4
DA:31,4
DA:32,4
DA:33,4
DA:34,4
LF:21
LH:21
BRF:0
BRH:0
end_of_record
TN:
SF:src/tools/records/query_records.ts
FN:180,(anonymous_0)
FN:189,(anonymous_1)
FNF:2
FNH:2
FNDA:32,(anonymous_0)
FNDA:2,(anonymous_1)
DA:1,4
DA:3,4
DA:5,4
DA:115,4
DA:116,32
DA:117,32
DA:122,32
DA:181,32
DA:199,2
DA:201,2
DA:208,2
DA:213,2
DA:214,1
DA:218,2
DA:219,1
DA:223,2
DA:224,0
DA:228,2
DA:229,2
DA:236,2
DA:242,2
DA:243,0
DA:247,0
DA:251,2
DA:252,0
DA:255,2
DA:258,2
DA:259,0
DA:260,0
DA:263,2
DA:266,2
DA:270,2
DA:278,2
DA:279,2
DA:281,2
DA:282,0
DA:287,0
DA:288,0
DA:289,0
DA:290,0
DA:291,0
DA:294,0
DA:296,0
DA:297,0
DA:298,0
DA:303,0
DA:306,0
DA:307,0
DA:312,0
DA:315,0
DA:316,0
DA:319,0
DA:325,0
DA:326,0
DA:331,0
DA:335,0
DA:336,0
DA:337,0
DA:340,0
DA:343,0
DA:344,0
DA:345,0
DA:348,0
DA:351,0
DA:352,0
DA:353,0
DA:354,0
DA:358,0
DA:361,0
DA:362,0
DA:365,0
DA:366,0
DA:371,0
DA:375,0
DA:377,0
DA:378,0
DA:379,0
DA:380,0
DA:381,0
DA:384,0
DA:386,0
DA:396,0
DA:399,2
DA:404,2
LF:84
LH:31
BRDA:195,0,0,2
BRDA:196,1,0,2
BRDA:197,2,0,2
BRDA:204,3,0,0
BRDA:204,3,1,2
BRDA:213,4,0,1
BRDA:218,5,0,1
BRDA:218,6,0,2
BRDA:218,6,1,1
BRDA:223,7,0,0
BRDA:223,8,0,2
BRDA:223,8,1,0
BRDA:232,9,0,2
BRDA:232,9,1,1
BRDA:242,10,0,0
BRDA:242,11,0,2
BRDA:242,11,1,2
BRDA:247,12,0,0
BRDA:247,12,1,0
BRDA:251,13,0,0
BRDA:251,14,0,2
BRDA:251,14,1,2
BRDA:258,15,0,0
BRDA:266,16,0,0
BRDA:266,16,1,2
BRDA:281,17,0,0
BRDA:281,18,0,2
BRDA:281,18,1,0
BRDA:281,18,2,0
BRDA:294,19,0,0
BRDA:294,19,1,0
BRDA:297,20,0,0
BRDA:306,21,0,0
BRDA:325,22,0,0
BRDA:325,23,0,0
BRDA:325,23,1,0
BRDA:335,24,0,0
BRDA:335,25,0,0
BRDA:335,25,1,0
BRDA:343,26,0,0
BRDA:351,27,0,0
BRDA:365,28,0,0
BRDA:375,29,0,0
BRDA:375,30,0,0
BRDA:375,30,1,0
BRDA:384,31,0,0
BRDA:384,31,1,0
BRF:47
BRH:17
end_of_record
TN:
SF:src/tools/records/update_record.ts
FN:87,(anonymous_0)
FN:96,(anonymous_1)
FNF:2
FNH:2
FNDA:31,(anonymous_0)
FNDA:1,(anonymous_1)
DA:1,4
DA:3,4
DA:5,4
DA:56,4
DA:57,31
DA:58,31
DA:63,31
DA:88,31
DA:97,1
DA:99,1
DA:105,1
DA:106,0
DA:111,1
DA:113,1
DA:114,1
DA:118,1
DA:127,1
DA:133,1
DA:134,0
DA:139,0
DA:142,1
DA:148,1
LF:22
LH:19
BRDA:105,0,0,0
BRDA:105,1,0,1
BRDA:105,1,1,1
BRDA:105,1,2,1
BRDA:133,2,0,0
BRDA:133,3,0,1
BRDA:133,3,1,1
BRDA:139,4,0,0
BRDA:139,4,1,0
BRF:9
BRH:5
end_of_record
TN:
SF:src/tools/reports/index.ts
FN:11,registerReportTools
FNF:1
FNH:1
FNDA:29,registerReportTools
DA:2,3
DA:3,3
DA:4,3
DA:6,3
DA:11,3
DA:12,29
DA:14,29
DA:16,29
DA:19,3
LF:9
LH:9
BRF:0
BRH:0
end_of_record
TN:
SF:src/tools/reports/run_report.ts
FN:69,(anonymous_0)
FN:73,(anonymous_1)
FNF:2
FNH:1
FNDA:29,(anonymous_0)
FNDA:0,(anonymous_1)
DA:1,3
DA:3,3
DA:5,3
DA:22,3
DA:23,29
DA:24,29
DA:25,29
DA:70,29
DA:74,0
DA:76,0
DA:78,0
DA:84,0
DA:86,0
LF:13
LH:8
BRDA:74,0,0,0
BRF:1
BRH:0
end_of_record
TN:
SF:src/tools/tables/create_table.ts
FN:148,(anonymous_0)
FN:157,(anonymous_1)
FN:173,(anonymous_2)
FNF:3
FNH:1
FNDA:29,(anonymous_0)
FNDA:0,(anonymous_1)
FNDA:0,(anonymous_2)
DA:1,3
DA:3,3
DA:5,3
DA:100,3
DA:101,29
DA:102,29
DA:107,29
DA:149,29
DA:158,0
DA:163,0
DA:166,0
DA:172,0
DA:173,0
DA:182,0
DA:183,0
DA:187,0
DA:193,0
DA:194,0
DA:199,0
DA:202,0
DA:204,0
DA:210,0
LF:22
LH:8
BRDA:168,0,0,0
BRDA:168,0,1,0
BRDA:172,1,0,0
BRDA:172,2,0,0
BRDA:172,2,1,0
BRDA:176,3,0,0
BRDA:176,3,1,0
BRDA:177,4,0,0
BRDA:177,4,1,0
BRDA:182,5,0,0
BRDA:193,6,0,0
BRDA:193,7,0,0
BRDA:193,7,1,0
BRDA:199,8,0,0
BRDA:199,8,1,0
BRF:15
BRH:0
end_of_record
TN:
SF:src/tools/tables/get_table_fields.ts
FN:120,(anonymous_0)
FN:129,(anonymous_1)
FN:160,(anonymous_2)
FN:173,(anonymous_3)
FN:180,(anonymous_4)
FNF:5
FNH:1
FNDA:29,(anonymous_0)
FNDA:0,(anonymous_1)
FNDA:0,(anonymous_2)
FNDA:0,(anonymous_3)
FNDA:0,(anonymous_4)
DA:1,3
DA:3,3
DA:5,3
DA:90,3
DA:91,29
DA:92,29
DA:97,29
DA:121,29
DA:130,0
DA:132,0
DA:138,0
DA:140,0
DA:141,0
DA:145,0
DA:151,0
DA:152,0
DA:156,0
DA:160,0
DA:172,0
DA:173,0
DA:174,0
DA:178,0
DA:180,0
DA:183,0
LF:24
LH:8
BRDA:140,0,0,0
BRDA:151,1,0,0
BRDA:151,2,0,0
BRDA:151,2,1,0
BRDA:156,3,0,0
BRDA:156,3,1,0
BRDA:172,4,0,0
BRDA:172,5,0,0
BRDA:172,5,1,0
BRF:9
BRH:0
end_of_record
TN:
SF:src/tools/tables/index.ts
FN:14,registerTableTools
FNF:1
FNH:1
FNDA:29,registerTableTools
DA:2,3
DA:3,3
DA:4,3
DA:5,3
DA:6,3
DA:8,3
DA:14,3
DA:15,29
DA:18,29
DA:19,29
DA:20,29
DA:22,29
DA:26,3
DA:27,3
DA:28,3
LF:15
LH:15
BRF:0
BRH:0
end_of_record
TN:
SF:src/tools/tables/update_table.ts
FN:99,(anonymous_0)
FN:108,(anonymous_1)
FNF:2
FNH:1
FNDA:29,(anonymous_0)
FNDA:0,(anonymous_1)
DA:1,3
DA:3,3
DA:5,3
DA:65,3
DA:66,29
DA:67,29
DA:72,29
DA:100,29
DA:109,0
DA:113,0
DA:116,0
DA:117,0
DA:121,0
DA:123,0
DA:124,0
DA:127,0
DA:128,0
DA:132,0
DA:133,0
DA:137,0
DA:143,0
DA:144,0
DA:148,0
DA:151,0
DA:153,0
DA:158,0
LF:26
LH:8
BRDA:116,0,0,0
BRDA:116,1,0,0
BRDA:116,1,1,0
BRDA:116,1,2,0
BRDA:116,1,3,0
BRDA:123,2,0,0
BRDA:127,3,0,0
BRDA:132,4,0,0
BRDA:143,5,0,0
BRDA:143,6,0,0
BRDA:143,6,1,0
BRDA:148,7,0,0
BRDA:148,7,1,0
BRDA:162,8,0,0
BRDA:162,8,1,0
BRF:15
BRH:0
end_of_record
TN:
SF:src/utils/cache.ts
FN:21,(anonymous_1)
FN:42,(anonymous_2)
FN:62,(anonymous_3)
FN:79,(anonymous_4)
FN:87,(anonymous_5)
FN:96,(anonymous_6)
FN:107,(anonymous_7)
FN:116,(anonymous_8)
FN:127,(anonymous_9)
FN:135,(anonymous_10)
FN:148,(anonymous_11)
FN:150,(anonymous_12)
FN:155,(anonymous_13)
FN:157,(anonymous_14)
FN:194,(anonymous_15)
FN:207,(anonymous_16)
FN:208,(anonymous_17)
FN:226,(anonymous_18)
FNF:18
FNH:15
FNDA:1367,(anonymous_1)
FNDA:2009,(anonymous_2)
FNDA:2212,(anonymous_3)
FNDA:1,(anonymous_4)
FNDA:1114,(anonymous_5)
FNDA:2,(anonymous_6)
FNDA:1,(anonymous_7)
FNDA:8,(anonymous_8)
FNDA:1,(anonymous_9)
FNDA:1,(anonymous_10)
FNDA:1,(anonymous_11)
FNDA:1,(anonymous_12)
FNDA:1,(anonymous_13)
FNDA:1,(anonymous_14)
FNDA:0,(anonymous_15)
FNDA:4,(anonymous_16)
FNDA:0,(anonymous_17)
FNDA:0,(anonymous_18)
DA:1,7
DA:2,7
DA:4,7
DA:9,7
DA:12,7
DA:13,7
DA:14,1367
DA:22,1367
DA:23,1367
DA:26,1367
DA:29,1367
DA:30,4
DA:31,4
DA:34,1367
DA:43,2009
DA:44,2
DA:47,2007
DA:48,2007
DA:49,2005
DA:51,2
DA:53,2007
DA:63,2212
DA:64,2
DA:67,2210
DA:68,0
DA:70,2210
DA:72,2210
DA:80,1
DA:81,1
DA:88,1114
DA:89,1114
DA:97,2
DA:98,2
DA:99,2
DA:100,1
DA:108,1
DA:117,8
DA:118,0
DA:120,8
DA:128,1
DA:136,1
DA:137,1
DA:150,1
DA:151,1
DA:157,1
DA:159,0
DA:162,0
DA:165,0
DA:166,0
DA:167,0
DA:168,0
DA:169,0
DA:170,0
DA:174,0
DA:178,0
DA:181,0
DA:182,0
DA:183,0
DA:185,0
DA:188,0
DA:195,0
DA:196,0
DA:197,0
DA:198,0
DA:200,0
DA:208,4
DA:209,0
DA:210,0
DA:211,0
DA:213,0
DA:216,4
DA:217,4
DA:218,4
DA:219,4
DA:220,4
DA:227,0
LF:76
LH:49
BRDA:21,0,0,1
BRDA:21,1,0,1
BRDA:29,2,0,4
BRDA:43,3,0,2
BRDA:48,4,0,2005
BRDA:48,4,1,2
BRDA:63,5,0,2
BRDA:67,6,0,0
BRDA:67,6,1,2210
BRDA:98,7,0,1
BRDA:98,7,1,1
BRDA:99,8,0,1
BRDA:117,9,0,0
BRDA:169,10,0,0
BRF:14
BRH:11
end_of_record
TN:
SF:src/utils/file.ts
FN:16,fileExists
FN:30,ensureDirectoryExists
FN:50,getFileInfo
FN:106,readFileAsBuffer
FN:126,writeFile
FNF:5
FNH:0
FNDA:0,fileExists
FNDA:0,ensureDirectoryExists
FNDA:0,getFileInfo
FNDA:0,readFileAsBuffer
FNDA:0,writeFile
DA:1,3
DA:2,3
DA:3,3
DA:5,3
DA:16,3
DA:17,0
DA:18,0
DA:20,0
DA:21,0
DA:30,3
DA:31,0
DA:32,0
DA:33,0
DA:37,0
DA:38,0
DA:40,0
DA:41,0
DA:50,3
DA:57,0
DA:58,0
DA:59,0
DA:62,0
DA:63,0
DA:66,0
DA:88,0
DA:96,0
DA:97,0
DA:106,3
DA:107,0
DA:108,0
DA:109,0
DA:110,0
DA:113,0
DA:115,0
DA:116,0
DA:126,3
DA:127,0
DA:128,0
DA:129,0
DA:130,0
DA:131,0
DA:134,0
DA:135,0
DA:137,0
DA:138,0
LF:45
LH:9
BRDA:18,0,0,0
BRDA:18,0,1,0
BRDA:32,1,0,0
BRDA:58,2,0,0
BRDA:92,3,0,0
BRDA:92,3,1,0
BRDA:108,4,0,0
BRDA:129,5,0,0
BRF:8
BRH:0
end_of_record
TN:
SF:src/utils/logger.ts
FN:8,(anonymous_0)
FN:34,setLogLevel
FN:43,createLogger
FN:44,(anonymous_3)
FN:56,(anonymous_4)
FN:63,(anonymous_5)
FN:70,(anonymous_6)
FN:77,(anonymous_7)
FN:107,redactSensitiveData
FN:110,redactRecursive
FN:122,(anonymous_10)
FN:133,(anonymous_11)
FNF:12
FNH:11
FNDA:12,(anonymous_0)
FNDA:0,setLogLevel
FNDA:119,createLogger
FNDA:255,(anonymous_3)
FNDA:10,(anonymous_4)
FNDA:6,(anonymous_5)
FNDA:3658,(anonymous_6)
FNDA:4267,(anonymous_7)
FNDA:255,redactSensitiveData
FNDA:283,redactRecursive
FNDA:14,(anonymous_10)
FNDA:3150,(anonymous_11)
DA:8,12
DA:9,12
DA:10,12
DA:11,12
DA:12,12
DA:26,12
DA:34,12
DA:35,0
DA:43,12
DA:44,119
DA:45,255
DA:46,255
DA:47,255
DA:50,0
DA:51,0
DA:55,119
DA:57,10
DA:59,10
DA:64,6
DA:66,6
DA:71,3658
DA:73,3658
DA:78,4267
DA:80,0
DA:89,12
DA:108,255
DA:111,283
DA:112,9
DA:116,274
DA:117,0
DA:119,274
DA:121,274
DA:122,14
DA:125,262
DA:127,262
DA:128,262
DA:129,1007
DA:130,14
DA:131,993
DA:133,3150
DA:135,0
DA:137,993
DA:141,0
DA:144,262
DA:147,255
LF:45
LH:38
BRDA:8,0,0,12
BRDA:8,0,1,12
BRDA:26,1,0,0
BRDA:26,1,1,12
BRDA:27,2,0,0
BRDA:27,2,1,0
BRDA:45,3,0,0
BRDA:50,4,0,0
BRDA:50,4,1,0
BRDA:57,5,0,10
BRDA:59,6,0,10
BRDA:59,6,1,0
BRDA:64,7,0,6
BRDA:66,8,0,6
BRDA:66,8,1,0
BRDA:71,9,0,3658
BRDA:73,10,0,239
BRDA:73,10,1,3419
BRDA:78,11,0,0
BRDA:80,12,0,0
BRDA:80,12,1,0
BRDA:111,13,0,9
BRDA:111,14,0,283
BRDA:111,14,1,282
BRDA:116,15,0,0
BRDA:121,16,0,12
BRDA:129,17,0,14
BRDA:129,17,1,993
BRDA:129,18,0,1007
BRDA:129,18,1,18
BRDA:131,19,0,0
BRDA:131,19,1,993
BRDA:132,20,0,993
BRDA:132,20,1,315
BRF:34
BRH:21
end_of_record
TN:
SF:src/utils/retry.ts
FN:43,(anonymous_0)
FN:73,calculateBackoff
FN:91,withRetry
FN:97,retryWrapper
FN:123,(anonymous_4)
FNF:5
FNH:0
FNDA:0,(anonymous_0)
FNDA:0,calculateBackoff
FNDA:0,withRetry
FNDA:0,retryWrapper
FNDA:0,(anonymous_4)
DA:1,6
DA:3,6
DA:38,6
DA:45,0
DA:48,0
DA:49,0
DA:51,0
DA:57,0
DA:58,0
DA:63,0
DA:73,6
DA:74,0
DA:77,0
DA:78,0
DA:79,0
DA:82,0
DA:91,6
DA:95,0
DA:97,0
DA:100,0
DA:101,0
DA:102,0
DA:103,0
DA:106,0
DA:108,0
DA:110,0
DA:114,0
DA:115,0
DA:116,0
DA:119,0
DA:120,0
DA:123,0
DA:129,0
LF:33
LH:5
BRDA:45,0,0,0
BRDA:48,1,0,0
BRDA:48,2,0,0
BRDA:48,2,1,0
BRDA:48,2,2,0
BRDA:51,3,0,0
BRDA:51,3,1,0
BRDA:51,3,2,0
BRDA:51,3,3,0
BRDA:57,4,0,0
BRDA:58,5,0,0
BRDA:58,5,1,0
BRDA:58,5,2,0
BRDA:74,6,0,0
BRDA:74,7,0,0
BRDA:93,8,0,0
BRDA:102,9,0,0
BRDA:110,10,0,0
BRDA:110,10,1,0
BRDA:110,10,2,0
BRDA:114,11,0,0
BRF:21
BRH:0
end_of_record
TN:
SF:src/utils/validation.ts
FN:10,(anonymous_0)
FN:26,isValidJSONSchema
FN:39,(anonymous_2)
FN:49,(anonymous_3)
FN:68,(anonymous_4)
FN:72,(anonymous_5)
FN:80,convertPropertyToZod
FN:90,(anonymous_7)
FN:93,(anonymous_8)
FN:140,createMcpZodSchema
FN:155,(anonymous_10)
FN:177,createValidationSchema
FN:216,validateParams
FN:238,(anonymous_13)
FNF:14
FNH:12
FNDA:5,(anonymous_0)
FNDA:46,isValidJSONSchema
FNDA:21,(anonymous_2)
FNDA:12,(anonymous_3)
FNDA:0,(anonymous_4)
FNDA:0,(anonymous_5)
FNDA:34,convertPropertyToZod
FNDA:7,(anonymous_7)
FNDA:3,(anonymous_8)
FNDA:25,createMcpZodSchema
FNDA:30,(anonymous_10)
FNDA:21,createValidationSchema
FNDA:19,validateParams
FNDA:5,(anonymous_13)
DA:1,6
DA:2,6
DA:4,6
DA:9,6
DA:12,5
DA:18,5
DA:19,5
DA:27,46
DA:36,6
DA:37,6
DA:40,21
DA:41,21
DA:43,9
DA:44,9
DA:46,21
DA:51,12
DA:52,0
DA:56,12
DA:57,0
DA:58,0
DA:59,0
DA:61,0
DA:65,12
DA:69,0
DA:73,0
DA:81,34
DA:82,1
DA:83,1
DA:86,33
DA:89,33
DA:90,7
DA:91,2
DA:93,3
DA:94,1
DA:95,0
DA:97,1
DA:101,30
DA:103,14
DA:104,14
DA:105,14
DA:106,14
DA:110,5
DA:113,1
DA:116,2
DA:119,4
DA:120,4
DA:121,4
DA:123,0
DA:128,4
DA:131,0
DA:132,0
DA:140,6
DA:141,25
DA:142,5
DA:143,5
DA:146,20
DA:147,1
DA:150,19
DA:151,19
DA:152,19
DA:154,19
DA:155,19
DA:156,30
DA:159,30
DA:160,19
DA:163,30
DA:166,0
DA:167,0
DA:170,19
DA:177,6
DA:178,21
DA:179,0
DA:180,0
DA:184,21
DA:187,21
DA:188,21
DA:189,9
DA:194,12
DA:195,12
DA:196,12
DA:197,12
DA:200,0
DA:203,0
DA:204,0
DA:208,12
DA:210,12
DA:216,6
DA:221,19
DA:222,19
DA:224,19
DA:230,19
DA:232,14
DA:234,14
DA:236,5
DA:237,5
DA:238,5
DA:239,5
DA:240,5
DA:243,5
DA:252,5
DA:259,5
DA:262,0
DA:263,0
DA:268,6
DA:269,6
LF:105
LH:85
BRDA:27,0,0,46
BRDA:27,0,1,45
BRDA:27,0,2,43
BRDA:41,1,0,9
BRDA:51,2,0,0
BRDA:58,3,0,0
BRDA:58,3,1,0
BRDA:81,4,0,1
BRDA:81,5,0,34
BRDA:81,5,1,33
BRDA:89,6,0,3
BRDA:89,7,0,33
BRDA:89,7,1,4
BRDA:89,7,2,4
BRDA:90,8,0,2
BRDA:94,9,0,0
BRDA:101,10,0,14
BRDA:101,10,1,5
BRDA:101,10,2,1
BRDA:101,10,3,2
BRDA:101,10,4,4
BRDA:101,10,5,4
BRDA:101,10,6,0
BRDA:104,11,0,0
BRDA:105,12,0,0
BRDA:119,13,0,4
BRDA:119,14,0,4
BRDA:119,14,1,4
BRDA:141,15,0,5
BRDA:146,16,0,1
BRDA:146,17,0,20
BRDA:146,17,1,19
BRDA:151,18,0,19
BRDA:151,18,1,8
BRDA:159,19,0,19
BRDA:178,20,0,0
BRDA:188,21,0,9
BRDA:195,22,0,12
BRDA:195,22,1,0
BRDA:195,23,0,12
BRDA:195,23,1,12
BRDA:236,24,0,5
BRDA:237,25,0,5
BRDA:237,25,1,0
BRDA:239,26,0,5
BRDA:239,26,1,0
BRDA:256,27,0,5
BRDA:256,27,1,0
BRF:48
BRH:36
end_of_record
